<?xml version="1.0" encoding="UTF-8"?>
<robot generator="Robot 6.0.2 (Python 3.11.3 on win32)" generated="20230608 12:59:39.864" rpa="false" schemaversion="3">
<suite id="s1" name="addProductTest" source="C:\Users\palbertp\PycharmProjects\pythonProject\test\ui\addProductTest.robot">
<test id="s1-t1" name="1.0 Add 2 Blue and green Sneaker To Shopping Cart" line="12">
<kw name="Setup Environment" library="variables" type="SETUP">
<kw name="Set Global Variable" library="BuiltIn">
<arg>${browser}</arg>
<arg>${browser}</arg>
<doc>Makes a variable available globally in all tests and suites.</doc>
<msg timestamp="20230608 12:59:40.849" level="INFO">${browser} = Chrome</msg>
<status status="PASS" starttime="20230608 12:59:40.838" endtime="20230608 12:59:40.849"/>
</kw>
<kw name="Set Global Variable" library="BuiltIn">
<arg>${urlTricentisDemoWebShop}</arg>
<arg>https://demowebshop.tricentis.com/</arg>
<doc>Makes a variable available globally in all tests and suites.</doc>
<msg timestamp="20230608 12:59:40.878" level="INFO">${urlTricentisDemoWebShop} = https://demowebshop.tricentis.com/</msg>
<status status="PASS" starttime="20230608 12:59:40.866" endtime="20230608 12:59:40.878"/>
</kw>
<kw name="Set Global Variable" library="BuiltIn">
<arg>${username}</arg>
<arg>johndoe@dummyweb.com</arg>
<doc>Makes a variable available globally in all tests and suites.</doc>
<msg timestamp="20230608 12:59:40.902" level="INFO">${username} = johndoe@dummyweb.com</msg>
<status status="PASS" starttime="20230608 12:59:40.889" endtime="20230608 12:59:40.902"/>
</kw>
<kw name="Set Global Variable" library="BuiltIn">
<arg>${password}</arg>
<arg>Tosca1234!</arg>
<doc>Makes a variable available globally in all tests and suites.</doc>
<msg timestamp="20230608 12:59:40.927" level="INFO">${password} = Tosca1234!</msg>
<status status="PASS" starttime="20230608 12:59:40.913" endtime="20230608 12:59:40.927"/>
</kw>
<status status="PASS" starttime="20230608 12:59:40.824" endtime="20230608 12:59:40.938"/>
</kw>
<kw name="Given Open Browser To Login Page" library="homePage">
<kw name="Given Open Browser and Confirm with Logo" library="headerHomePage">
<kw name="Open Browser" library="SeleniumLibrary">
<arg>${urlTricentisDemoWebShop}</arg>
<arg>${browser}</arg>
<doc>Opens a new browser instance to the optional ``url``.</doc>
<msg timestamp="20230608 12:59:40.982" level="INFO">Opening browser 'Chrome' to base url 'https://demowebshop.tricentis.com/'.</msg>
<status status="PASS" starttime="20230608 12:59:40.971" endtime="20230608 12:59:43.819"/>
</kw>
<kw name="Maximize Browser Window" library="SeleniumLibrary">
<doc>Maximizes current browser window.</doc>
<status status="PASS" starttime="20230608 12:59:43.832" endtime="20230608 12:59:43.983"/>
</kw>
<kw name="Wait Until Page Contains Element" library="SeleniumLibrary">
<arg>${headerLogo}</arg>
<doc>Waits until the element ``locator`` appears on the current page.</doc>
<status status="PASS" starttime="20230608 12:59:44.023" endtime="20230608 12:59:44.068"/>
</kw>
<status status="PASS" starttime="20230608 12:59:40.960" endtime="20230608 12:59:44.082"/>
</kw>
<kw name="Then Click in the Link of Login" library="headerHomePage">
<kw name="Click Link" library="SeleniumLibrary">
<arg>${loginLink}</arg>
<doc>Clicks a link identified by ``locator``.</doc>
<msg timestamp="20230608 12:59:44.127" level="INFO">Clicking link 'class:ico-login'.</msg>
<status status="PASS" starttime="20230608 12:59:44.111" endtime="20230608 12:59:44.542"/>
</kw>
<status status="PASS" starttime="20230608 12:59:44.096" endtime="20230608 12:59:44.554"/>
</kw>
<status status="PASS" starttime="20230608 12:59:40.948" endtime="20230608 12:59:44.568"/>
</kw>
<kw name="Given Login with ${username} and ${password}" library="loginPage" sourcename="Login with ${username} and ${password}">
<kw name="Input Text" library="SeleniumLibrary">
<arg>${loginInput}</arg>
<arg>${username}</arg>
<doc>Types the given ``text`` into the text field identified by ``locator``.</doc>
<msg timestamp="20230608 12:59:44.606" level="INFO">Typing text 'johndoe@dummyweb.com' into text field 'id:Email'.</msg>
<status status="PASS" starttime="20230608 12:59:44.593" endtime="20230608 12:59:44.709"/>
</kw>
<kw name="Input Text" library="SeleniumLibrary">
<arg>${passwordInput}</arg>
<arg>${password}</arg>
<doc>Types the given ``text`` into the text field identified by ``locator``.</doc>
<msg timestamp="20230608 12:59:44.732" level="INFO">Typing text 'Tosca1234!' into text field 'id:Password'.</msg>
<status status="PASS" starttime="20230608 12:59:44.719" endtime="20230608 12:59:44.831"/>
</kw>
<kw name="Click Button" library="SeleniumLibrary">
<arg>${loginButton}</arg>
<doc>Clicks the button identified by ``locator``.</doc>
<msg timestamp="20230608 12:59:44.854" level="INFO">Clicking button 'xpath:.//input[@value="Log in"]'.</msg>
<status status="PASS" starttime="20230608 12:59:44.841" endtime="20230608 12:59:45.406"/>
</kw>
<status status="PASS" starttime="20230608 12:59:44.580" endtime="20230608 12:59:45.419"/>
</kw>
<kw name="And Welcome Page Is Displayed" library="loginPage">
<kw name="Catenate" library="BuiltIn">
<var>${checkUserLogin}</var>
<arg>SEPARATOR=</arg>
<arg>${checkUserLogin}${username}']</arg>
<doc>Catenates the given items together and returns the resulted string.</doc>
<msg timestamp="20230608 12:59:45.461" level="INFO">${checkUserLogin} = xpath:.//a[text()='johndoe@dummyweb.com']</msg>
<status status="PASS" starttime="20230608 12:59:45.445" endtime="20230608 12:59:45.461"/>
</kw>
<kw name="Wait Until Page Contains Element" library="SeleniumLibrary">
<arg>${checkUserLogin}</arg>
<doc>Waits until the element ``locator`` appears on the current page.</doc>
<status status="PASS" starttime="20230608 12:59:45.475" endtime="20230608 12:59:45.522"/>
</kw>
<kw name="Wait Until Element Is Visible" library="SeleniumLibrary">
<arg>${logoutLink}</arg>
<doc>Waits until the element ``locator`` is visible.</doc>
<status status="PASS" starttime="20230608 12:59:45.535" endtime="20230608 12:59:45.570"/>
</kw>
<status status="PASS" starttime="20230608 12:59:45.432" endtime="20230608 12:59:45.580"/>
</kw>
<kw name="When Navigate To Apparel &amp; Shoes Page" library="homePage" sourcename="Navigate To ${category} Page">
<if>
<branch type="IF" condition="&quot;${category}&quot; == &quot;Books&quot;">
<kw name="Click Link of Books" library="subheaderHomePage">
<status status="NOT RUN" starttime="20230608 12:59:45.612" endtime="20230608 12:59:45.624"/>
</kw>
<status status="NOT RUN" starttime="20230608 12:59:45.601" endtime="20230608 12:59:45.635"/>
</branch>
<branch type="ELSE IF" condition="&quot;${category}&quot; == &quot;Computers&quot;">
<kw name="Click Link of Computers" library="subheaderHomePage">
<status status="NOT RUN" starttime="20230608 12:59:45.657" endtime="20230608 12:59:45.668"/>
</kw>
<status status="NOT RUN" starttime="20230608 12:59:45.645" endtime="20230608 12:59:45.678"/>
</branch>
<branch type="ELSE IF" condition="&quot;${category}&quot; == &quot;Desktops&quot;">
<kw name="Click Link of Desktops" library="subheaderHomePage">
<status status="NOT RUN" starttime="20230608 12:59:45.701" endtime="20230608 12:59:45.711"/>
</kw>
<status status="NOT RUN" starttime="20230608 12:59:45.690" endtime="20230608 12:59:45.723"/>
</branch>
<branch type="ELSE IF" condition="&quot;${category}&quot; == &quot;Notebooks&quot;">
<kw name="Click Link of Notebooks" library="subheaderHomePage">
<status status="NOT RUN" starttime="20230608 12:59:45.743" endtime="20230608 12:59:45.755"/>
</kw>
<status status="NOT RUN" starttime="20230608 12:59:45.731" endtime="20230608 12:59:45.765"/>
</branch>
<branch type="ELSE IF" condition="&quot;${category}&quot; == &quot;Accessories&quot;">
<kw name="Click Link of Accessories" library="subheaderHomePage">
<status status="NOT RUN" starttime="20230608 12:59:45.787" endtime="20230608 12:59:45.796"/>
</kw>
<status status="NOT RUN" starttime="20230608 12:59:45.775" endtime="20230608 12:59:45.806"/>
</branch>
<branch type="ELSE IF" condition="&quot;${category}&quot; == &quot;Electronics&quot;">
<kw name="Click Link of Electronics" library="subheaderHomePage">
<status status="NOT RUN" starttime="20230608 12:59:45.826" endtime="20230608 12:59:45.837"/>
</kw>
<status status="NOT RUN" starttime="20230608 12:59:45.816" endtime="20230608 12:59:45.847"/>
</branch>
<branch type="ELSE IF" condition="&quot;${category}&quot; == &quot;Camera, photo&quot;">
<kw name="Click Link of Camera, photo" library="subheaderHomePage">
<status status="NOT RUN" starttime="20230608 12:59:45.869" endtime="20230608 12:59:45.880"/>
</kw>
<status status="NOT RUN" starttime="20230608 12:59:45.857" endtime="20230608 12:59:45.889"/>
</branch>
<branch type="ELSE IF" condition="&quot;${category}&quot; == &quot;Cell phones&quot;">
<kw name="Click Link of Cell phones" library="subheaderHomePage">
<status status="NOT RUN" starttime="20230608 12:59:45.912" endtime="20230608 12:59:45.924"/>
</kw>
<status status="NOT RUN" starttime="20230608 12:59:45.900" endtime="20230608 12:59:45.935"/>
</branch>
<branch type="ELSE IF" condition="&quot;${category}&quot; == &quot;Apparel &amp; Shoes&quot;">
<kw name="Click Link of Apparel &amp; Shoes" library="subheaderHomePage">
<kw name="Click Link" library="SeleniumLibrary">
<arg>${apparel&amp;shoesLink}</arg>
<doc>Clicks a link identified by ``locator``.</doc>
<msg timestamp="20230608 12:59:45.982" level="INFO">Clicking link 'xpath:.//div[@class="header-menu"]/ul[@class="top-menu"]/li/a[@href="/apparel-shoes"]'.</msg>
<status status="PASS" starttime="20230608 12:59:45.970" endtime="20230608 12:59:46.507"/>
</kw>
<status status="PASS" starttime="20230608 12:59:45.957" endtime="20230608 12:59:46.520"/>
</kw>
<status status="PASS" starttime="20230608 12:59:45.946" endtime="20230608 12:59:46.530"/>
</branch>
<branch type="ELSE IF" condition="&quot;${category}&quot; == &quot;Digital downloads&quot;">
<kw name="Click Link of Digital downloads" library="subheaderHomePage">
<status status="NOT RUN" starttime="20230608 12:59:46.552" endtime="20230608 12:59:46.562"/>
</kw>
<status status="NOT RUN" starttime="20230608 12:59:46.541" endtime="20230608 12:59:46.573"/>
</branch>
<branch type="ELSE IF" condition="&quot;${category}&quot; == &quot;Jewelry&quot;">
<kw name="Click Link of Jewelry" library="subheaderHomePage">
<status status="NOT RUN" starttime="20230608 12:59:46.597" endtime="20230608 12:59:46.607"/>
</kw>
<status status="NOT RUN" starttime="20230608 12:59:46.585" endtime="20230608 12:59:46.617"/>
</branch>
<branch type="ELSE IF" condition="&quot;${category}&quot; == &quot;Gift Cards&quot;">
<kw name="Click Link of Gift Cards" library="subheaderHomePage">
<status status="NOT RUN" starttime="20230608 12:59:46.650" endtime="20230608 12:59:46.670"/>
</kw>
<status status="NOT RUN" starttime="20230608 12:59:46.630" endtime="20230608 12:59:46.679"/>
</branch>
<branch type="ELSE">
<kw name="Log" library="BuiltIn">
<arg>"No es un producto existente"</arg>
<doc>Logs the given message with the given level.</doc>
<status status="NOT RUN" starttime="20230608 12:59:46.699" endtime="20230608 12:59:46.708"/>
</kw>
<status status="NOT RUN" starttime="20230608 12:59:46.689" endtime="20230608 12:59:46.717"/>
</branch>
<status status="PASS" starttime="20230608 12:59:45.601" endtime="20230608 12:59:46.727"/>
</if>
<kw name="Catenate" library="BuiltIn">
<var>${checkproductPage}</var>
<arg>SEPARATOR=</arg>
<arg>xpath:.//h1[text()='${category}']</arg>
<doc>Catenates the given items together and returns the resulted string.</doc>
<msg timestamp="20230608 12:59:46.737" level="INFO">${checkproductPage} = xpath:.//h1[text()='Apparel &amp; Shoes']</msg>
<status status="PASS" starttime="20230608 12:59:46.727" endtime="20230608 12:59:46.737"/>
</kw>
<kw name="Wait Until Element Is Visible" library="SeleniumLibrary">
<arg>${checkproductPage}</arg>
<doc>Waits until the element ``locator`` is visible.</doc>
<status status="PASS" starttime="20230608 12:59:46.746" endtime="20230608 12:59:46.780"/>
</kw>
<status status="PASS" starttime="20230608 12:59:45.591" endtime="20230608 12:59:46.789"/>
</kw>
<kw name="And Select 2 Blue and green Sneaker And Add it To Shopping Cart" library="productPage" sourcename="Select ${quantity} ${product} And Add it To Shopping Cart">
<kw name="Page Should Contain Element" library="SeleniumLibrary">
<arg>${productsList}</arg>
<doc>Verifies that element ``locator`` is found on the current page.</doc>
<msg timestamp="20230608 12:59:46.834" level="INFO">Current page contains element 'xpath:.//h2[@class="product-title"]/a'.</msg>
<status status="PASS" starttime="20230608 12:59:46.809" endtime="20230608 12:59:46.834"/>
</kw>
<kw name="Get Element Count" library="SeleniumLibrary">
<var>${count}</var>
<arg>${productsList}</arg>
<doc>Returns the number of elements matching ``locator``.</doc>
<msg timestamp="20230608 12:59:46.860" level="INFO">${count} = 8</msg>
<status status="PASS" starttime="20230608 12:59:46.843" endtime="20230608 12:59:46.860"/>
</kw>
<kw name="Should Be True" library="BuiltIn">
<arg>${count} &gt; 0</arg>
<doc>Fails if the given condition is not true.</doc>
<status status="PASS" starttime="20230608 12:59:46.869" endtime="20230608 12:59:46.879"/>
</kw>
<kw name="Catenate" library="BuiltIn">
<var>${productLink}</var>
<arg>SEPARATOR=</arg>
<arg>xpath://h2[@class='product-title']/a[text()='${product}']</arg>
<doc>Catenates the given items together and returns the resulted string.</doc>
<msg timestamp="20230608 12:59:46.897" level="INFO">${productLink} = xpath://h2[@class='product-title']/a[text()='Blue and green Sneaker']</msg>
<status status="PASS" starttime="20230608 12:59:46.887" endtime="20230608 12:59:46.897"/>
</kw>
<kw name="Click Element" library="SeleniumLibrary">
<arg>${productLink}</arg>
<doc>Click the element identified by ``locator``.</doc>
<msg timestamp="20230608 12:59:46.918" level="INFO">Clicking element 'xpath://h2[@class='product-title']/a[text()='Blue and green Sneaker']'.</msg>
<status status="PASS" starttime="20230608 12:59:46.908" endtime="20230608 12:59:47.966"/>
</kw>
<kw name="Catenate" library="BuiltIn">
<var>${productDetailsCell}</var>
<arg>SEPARATOR=</arg>
<arg>xpath:.//h1[contains(text(),'${product}')]</arg>
<doc>Catenates the given items together and returns the resulted string.</doc>
<msg timestamp="20230608 12:59:47.988" level="INFO">${productDetailsCell} = xpath:.//h1[contains(text(),'Blue and green Sneaker')]</msg>
<status status="PASS" starttime="20230608 12:59:47.977" endtime="20230608 12:59:47.988"/>
</kw>
<kw name="Wait Until Element Is Visible" library="SeleniumLibrary">
<arg>${productDetailsCell}</arg>
<doc>Waits until the element ``locator`` is visible.</doc>
<status status="PASS" starttime="20230608 12:59:48.001" endtime="20230608 12:59:48.040"/>
</kw>
<kw name="Get Text" library="SeleniumLibrary">
<var>${quantityBeforeText}</var>
<arg>${shoppingCartQuantity}</arg>
<doc>Returns the text value of the element identified by ``locator``.</doc>
<msg timestamp="20230608 12:59:48.088" level="INFO">${quantityBeforeText} = (36)</msg>
<status status="PASS" starttime="20230608 12:59:48.049" endtime="20230608 12:59:48.088"/>
</kw>
<kw name="Remove String" library="String">
<var>${quantityBeforeText}</var>
<arg>${quantityBeforeText}</arg>
<arg>(</arg>
<doc>Removes all ``removables`` from the given ``string``.</doc>
<msg timestamp="20230608 12:59:48.109" level="INFO">${quantityBeforeText} = 36)</msg>
<status status="PASS" starttime="20230608 12:59:48.098" endtime="20230608 12:59:48.109"/>
</kw>
<kw name="Remove String" library="String">
<var>${quantityBeforeText}</var>
<arg>${quantityBeforeText}</arg>
<arg>)</arg>
<doc>Removes all ``removables`` from the given ``string``.</doc>
<msg timestamp="20230608 12:59:48.130" level="INFO">${quantityBeforeText} = 36</msg>
<status status="PASS" starttime="20230608 12:59:48.120" endtime="20230608 12:59:48.131"/>
</kw>
<kw name="Convert To Integer" library="BuiltIn">
<var>${quantityBefore}</var>
<arg>${quantityBeforeText}</arg>
<doc>Converts the given item to an integer number.</doc>
<msg timestamp="20230608 12:59:48.158" level="INFO">${quantityBefore} = 36</msg>
<status status="PASS" starttime="20230608 12:59:48.146" endtime="20230608 12:59:48.158"/>
</kw>
<kw name="Convert To Integer" library="BuiltIn">
<var>${quantity}</var>
<arg>${quantity}</arg>
<doc>Converts the given item to an integer number.</doc>
<msg timestamp="20230608 12:59:48.186" level="INFO">${quantity} = 2</msg>
<status status="PASS" starttime="20230608 12:59:48.173" endtime="20230608 12:59:48.186"/>
</kw>
<kw name="Evaluate" library="BuiltIn">
<var>${expectedQuantityAfter}</var>
<arg>${quantityBefore} + ${quantity}</arg>
<doc>Evaluates the given expression in Python and returns the result.</doc>
<msg timestamp="20230608 12:59:48.211" level="INFO">${expectedQuantityAfter} = 38</msg>
<status status="PASS" starttime="20230608 12:59:48.198" endtime="20230608 12:59:48.211"/>
</kw>
<kw name="Run Keyword And Return Status" library="BuiltIn">
<var>${passed}</var>
<arg>Element Should Be Visible</arg>
<arg>${addToCartButton}</arg>
<doc>Runs the given keyword with given arguments and returns the status as a Boolean value.</doc>
<kw name="Element Should Be Visible" library="SeleniumLibrary">
<arg>${addToCartButton}</arg>
<doc>Verifies that the element identified by ``locator`` is visible.</doc>
<msg timestamp="20230608 12:59:48.269" level="INFO">Element 'xpath:.//input[@class="button-1 add-to-cart-button"]' is displayed.</msg>
<status status="PASS" starttime="20230608 12:59:48.234" endtime="20230608 12:59:48.269"/>
</kw>
<msg timestamp="20230608 12:59:48.279" level="INFO">${passed} = True</msg>
<status status="PASS" starttime="20230608 12:59:48.223" endtime="20230608 12:59:48.280"/>
</kw>
<kw name="Run Keyword If" library="BuiltIn">
<arg>${passed}</arg>
<arg>Clear Element Text</arg>
<arg>${productQuantityInput}</arg>
<doc>Runs the given keyword with the given arguments, if ``condition`` is true.</doc>
<kw name="Clear Element Text" library="SeleniumLibrary">
<arg>${productQuantityInput}</arg>
<doc>Clears the value of the text-input-element identified by ``locator``.</doc>
<status status="PASS" starttime="20230608 12:59:48.301" endtime="20230608 12:59:48.359"/>
</kw>
<status status="PASS" starttime="20230608 12:59:48.290" endtime="20230608 12:59:48.372"/>
</kw>
<kw name="Run Keyword If" library="BuiltIn">
<arg>${passed}</arg>
<arg>Input Text</arg>
<arg>${productQuantityInput}</arg>
<arg>${quantity}</arg>
<doc>Runs the given keyword with the given arguments, if ``condition`` is true.</doc>
<kw name="Input Text" library="SeleniumLibrary">
<arg>${productQuantityInput}</arg>
<arg>${quantity}</arg>
<doc>Types the given ``text`` into the text field identified by ``locator``.</doc>
<msg timestamp="20230608 12:59:48.407" level="INFO">Typing text '2' into text field 'xpath:.//input[@class="qty-input"]'.</msg>
<status status="PASS" starttime="20230608 12:59:48.395" endtime="20230608 12:59:48.490"/>
</kw>
<status status="PASS" starttime="20230608 12:59:48.383" endtime="20230608 12:59:48.498"/>
</kw>
<kw name="Run Keyword If" library="BuiltIn">
<arg>${passed}</arg>
<arg>Click Element</arg>
<arg>${addToCartButton}</arg>
<doc>Runs the given keyword with the given arguments, if ``condition`` is true.</doc>
<kw name="Click Element" library="SeleniumLibrary">
<arg>${addToCartButton}</arg>
<doc>Click the element identified by ``locator``.</doc>
<msg timestamp="20230608 12:59:48.526" level="INFO">Clicking element 'xpath:.//input[@class="button-1 add-to-cart-button"]'.</msg>
<status status="PASS" starttime="20230608 12:59:48.517" endtime="20230608 12:59:48.580"/>
</kw>
<status status="PASS" starttime="20230608 12:59:48.507" endtime="20230608 12:59:48.589"/>
</kw>
<kw name="Run Keyword If" library="BuiltIn">
<arg>${passed}</arg>
<arg>Sleep</arg>
<arg>2</arg>
<doc>Runs the given keyword with the given arguments, if ``condition`` is true.</doc>
<kw name="Sleep" library="BuiltIn">
<arg>2</arg>
<doc>Pauses the test executed for the given time.</doc>
<msg timestamp="20230608 12:59:50.616" level="INFO">Slept 2 seconds</msg>
<status status="PASS" starttime="20230608 12:59:48.606" endtime="20230608 12:59:50.616"/>
</kw>
<status status="PASS" starttime="20230608 12:59:48.597" endtime="20230608 12:59:50.624"/>
</kw>
<kw name="Run Keyword If" library="BuiltIn">
<arg>${passed}</arg>
<arg>SeleniumLibrary.Wait Until Element Is Visible</arg>
<arg>${addToCartSuccessMessage}</arg>
<doc>Runs the given keyword with the given arguments, if ``condition`` is true.</doc>
<kw name="Wait Until Element Is Visible" library="SeleniumLibrary">
<arg>${addToCartSuccessMessage}</arg>
<doc>Waits until the element ``locator`` is visible.</doc>
<status status="PASS" starttime="20230608 12:59:50.644" endtime="20230608 12:59:50.679"/>
</kw>
<status status="PASS" starttime="20230608 12:59:50.636" endtime="20230608 12:59:50.689"/>
</kw>
<kw name="Run Keyword If" library="BuiltIn">
<arg>${passed}</arg>
<arg>Scroll Element Into View</arg>
<arg>${shoppingCartQuantity}</arg>
<doc>Runs the given keyword with the given arguments, if ``condition`` is true.</doc>
<kw name="Scroll Element Into View" library="SeleniumLibrary">
<arg>${shoppingCartQuantity}</arg>
<doc>Scrolls the element identified by ``locator`` into view.</doc>
<status status="PASS" starttime="20230608 12:59:50.708" endtime="20230608 12:59:51.004"/>
</kw>
<status status="PASS" starttime="20230608 12:59:50.698" endtime="20230608 12:59:51.013"/>
</kw>
<kw name="Get Text" library="SeleniumLibrary">
<var>${quantityAfterText}</var>
<arg>${shoppingCartQuantity}</arg>
<doc>Returns the text value of the element identified by ``locator``.</doc>
<msg timestamp="20230608 12:59:51.049" level="INFO">${quantityAfterText} = (38)</msg>
<status status="PASS" starttime="20230608 12:59:51.022" endtime="20230608 12:59:51.049"/>
</kw>
<kw name="Remove String" library="String">
<var>${quantityAfterText}</var>
<arg>${quantityAfterText}</arg>
<arg>)</arg>
<doc>Removes all ``removables`` from the given ``string``.</doc>
<msg timestamp="20230608 12:59:51.068" level="INFO">${quantityAfterText} = (38</msg>
<status status="PASS" starttime="20230608 12:59:51.058" endtime="20230608 12:59:51.068"/>
</kw>
<kw name="Remove String" library="String">
<var>${quantityAfterText}</var>
<arg>${quantityAfterText}</arg>
<arg>(</arg>
<doc>Removes all ``removables`` from the given ``string``.</doc>
<msg timestamp="20230608 12:59:51.088" level="INFO">${quantityAfterText} = 38</msg>
<status status="PASS" starttime="20230608 12:59:51.077" endtime="20230608 12:59:51.088"/>
</kw>
<kw name="Convert To Integer" library="BuiltIn">
<var>${quantityAfter}</var>
<arg>${quantityAfterText}</arg>
<doc>Converts the given item to an integer number.</doc>
<msg timestamp="20230608 12:59:51.106" level="INFO">${quantityAfter} = 38</msg>
<status status="PASS" starttime="20230608 12:59:51.097" endtime="20230608 12:59:51.106"/>
</kw>
<kw name="Run Keyword If" library="BuiltIn">
<arg>${passed}</arg>
<arg>Should Be Equal As Numbers</arg>
<arg>${quantityAfter}</arg>
<arg>${expectedQuantityAfter}</arg>
<doc>Runs the given keyword with the given arguments, if ``condition`` is true.</doc>
<kw name="Should Be Equal As Numbers" library="BuiltIn">
<arg>${quantityAfter}</arg>
<arg>${expectedQuantityAfter}</arg>
<doc>Fails if objects are unequal after converting them to real numbers.</doc>
<status status="PASS" starttime="20230608 12:59:51.124" endtime="20230608 12:59:51.133"/>
</kw>
<status status="PASS" starttime="20230608 12:59:51.116" endtime="20230608 12:59:51.144"/>
</kw>
<kw name="Run Keyword If" library="BuiltIn">
<arg>${passed} == False</arg>
<arg>Should Be Equal As Numbers</arg>
<arg>${quantityAfter}</arg>
<arg>${quantityBefore}</arg>
<doc>Runs the given keyword with the given arguments, if ``condition`` is true.</doc>
<status status="PASS" starttime="20230608 12:59:51.154" endtime="20230608 12:59:51.163"/>
</kw>
<status status="PASS" starttime="20230608 12:59:46.798" endtime="20230608 12:59:51.173"/>
</kw>
<kw name="End Tests" library="variables" type="TEARDOWN">
<kw name="Close All Browsers" library="SeleniumLibrary">
<doc>Closes all open browsers and resets the browser cache.</doc>
<status status="PASS" starttime="20230608 12:59:51.193" endtime="20230608 12:59:57.558"/>
</kw>
<status status="PASS" starttime="20230608 12:59:51.183" endtime="20230608 12:59:57.603"/>
</kw>
<doc>Add Blue and green Sneaker from Apparel and Shoes to Shopping Cart</doc>
<status status="PASS" starttime="20230608 12:59:40.812" endtime="20230608 12:59:57.617"/>
</test>
<test id="s1-t2" name="2.0 Add Casual Golf Belt To Shopping Cart" line="22">
<kw name="Setup Environment" library="variables" type="SETUP">
<kw name="Set Global Variable" library="BuiltIn">
<arg>${browser}</arg>
<arg>${browser}</arg>
<doc>Makes a variable available globally in all tests and suites.</doc>
<msg timestamp="20230608 12:59:57.664" level="INFO">${browser} = Chrome</msg>
<status status="PASS" starttime="20230608 12:59:57.651" endtime="20230608 12:59:57.664"/>
</kw>
<kw name="Set Global Variable" library="BuiltIn">
<arg>${urlTricentisDemoWebShop}</arg>
<arg>https://demowebshop.tricentis.com/</arg>
<doc>Makes a variable available globally in all tests and suites.</doc>
<msg timestamp="20230608 12:59:57.684" level="INFO">${urlTricentisDemoWebShop} = https://demowebshop.tricentis.com/</msg>
<status status="PASS" starttime="20230608 12:59:57.674" endtime="20230608 12:59:57.684"/>
</kw>
<kw name="Set Global Variable" library="BuiltIn">
<arg>${username}</arg>
<arg>johndoe@dummyweb.com</arg>
<doc>Makes a variable available globally in all tests and suites.</doc>
<msg timestamp="20230608 12:59:57.704" level="INFO">${username} = johndoe@dummyweb.com</msg>
<status status="PASS" starttime="20230608 12:59:57.693" endtime="20230608 12:59:57.704"/>
</kw>
<kw name="Set Global Variable" library="BuiltIn">
<arg>${password}</arg>
<arg>Tosca1234!</arg>
<doc>Makes a variable available globally in all tests and suites.</doc>
<msg timestamp="20230608 12:59:57.722" level="INFO">${password} = Tosca1234!</msg>
<status status="PASS" starttime="20230608 12:59:57.712" endtime="20230608 12:59:57.722"/>
</kw>
<status status="PASS" starttime="20230608 12:59:57.642" endtime="20230608 12:59:57.731"/>
</kw>
<kw name="Given Open Browser To Login Page" library="homePage">
<kw name="Given Open Browser and Confirm with Logo" library="headerHomePage">
<kw name="Open Browser" library="SeleniumLibrary">
<arg>${urlTricentisDemoWebShop}</arg>
<arg>${browser}</arg>
<doc>Opens a new browser instance to the optional ``url``.</doc>
<msg timestamp="20230608 12:59:57.769" level="INFO">Opening browser 'Chrome' to base url 'https://demowebshop.tricentis.com/'.</msg>
<status status="PASS" starttime="20230608 12:59:57.759" endtime="20230608 13:00:00.395"/>
</kw>
<kw name="Maximize Browser Window" library="SeleniumLibrary">
<doc>Maximizes current browser window.</doc>
<status status="PASS" starttime="20230608 13:00:00.405" endtime="20230608 13:00:00.536"/>
</kw>
<kw name="Wait Until Page Contains Element" library="SeleniumLibrary">
<arg>${headerLogo}</arg>
<doc>Waits until the element ``locator`` appears on the current page.</doc>
<status status="PASS" starttime="20230608 13:00:00.553" endtime="20230608 13:00:00.588"/>
</kw>
<status status="PASS" starttime="20230608 12:59:57.750" endtime="20230608 13:00:00.601"/>
</kw>
<kw name="Then Click in the Link of Login" library="headerHomePage">
<kw name="Click Link" library="SeleniumLibrary">
<arg>${loginLink}</arg>
<doc>Clicks a link identified by ``locator``.</doc>
<msg timestamp="20230608 13:00:00.643" level="INFO">Clicking link 'class:ico-login'.</msg>
<status status="PASS" starttime="20230608 13:00:00.628" endtime="20230608 13:00:00.989"/>
</kw>
<status status="PASS" starttime="20230608 13:00:00.614" endtime="20230608 13:00:01.001"/>
</kw>
<status status="PASS" starttime="20230608 12:59:57.740" endtime="20230608 13:00:01.011"/>
</kw>
<kw name="Given Login with ${username} and ${password}" library="loginPage" sourcename="Login with ${username} and ${password}">
<kw name="Input Text" library="SeleniumLibrary">
<arg>${loginInput}</arg>
<arg>${username}</arg>
<doc>Types the given ``text`` into the text field identified by ``locator``.</doc>
<msg timestamp="20230608 13:00:01.050" level="INFO">Typing text 'johndoe@dummyweb.com' into text field 'id:Email'.</msg>
<status status="PASS" starttime="20230608 13:00:01.036" endtime="20230608 13:00:01.161"/>
</kw>
<kw name="Input Text" library="SeleniumLibrary">
<arg>${passwordInput}</arg>
<arg>${password}</arg>
<doc>Types the given ``text`` into the text field identified by ``locator``.</doc>
<msg timestamp="20230608 13:00:01.180" level="INFO">Typing text 'Tosca1234!' into text field 'id:Password'.</msg>
<status status="PASS" starttime="20230608 13:00:01.170" endtime="20230608 13:00:01.302"/>
</kw>
<kw name="Click Button" library="SeleniumLibrary">
<arg>${loginButton}</arg>
<doc>Clicks the button identified by ``locator``.</doc>
<msg timestamp="20230608 13:00:01.323" level="INFO">Clicking button 'xpath:.//input[@value="Log in"]'.</msg>
<status status="PASS" starttime="20230608 13:00:01.312" endtime="20230608 13:00:01.730"/>
</kw>
<status status="PASS" starttime="20230608 13:00:01.022" endtime="20230608 13:00:01.743"/>
</kw>
<kw name="And Welcome Page Is Displayed" library="loginPage">
<kw name="Catenate" library="BuiltIn">
<var>${checkUserLogin}</var>
<arg>SEPARATOR=</arg>
<arg>${checkUserLogin}${username}']</arg>
<doc>Catenates the given items together and returns the resulted string.</doc>
<msg timestamp="20230608 13:00:01.793" level="INFO">${checkUserLogin} = xpath:.//a[text()='johndoe@dummyweb.com']</msg>
<status status="PASS" starttime="20230608 13:00:01.773" endtime="20230608 13:00:01.793"/>
</kw>
<kw name="Wait Until Page Contains Element" library="SeleniumLibrary">
<arg>${checkUserLogin}</arg>
<doc>Waits until the element ``locator`` appears on the current page.</doc>
<status status="PASS" starttime="20230608 13:00:01.814" endtime="20230608 13:00:01.872"/>
</kw>
<kw name="Wait Until Element Is Visible" library="SeleniumLibrary">
<arg>${logoutLink}</arg>
<doc>Waits until the element ``locator`` is visible.</doc>
<status status="PASS" starttime="20230608 13:00:01.881" endtime="20230608 13:00:01.918"/>
</kw>
<status status="PASS" starttime="20230608 13:00:01.759" endtime="20230608 13:00:01.926"/>
</kw>
<kw name="When Navigate To Apparel &amp; Shoes Page" library="homePage" sourcename="Navigate To ${category} Page">
<if>
<branch type="IF" condition="&quot;${category}&quot; == &quot;Books&quot;">
<kw name="Click Link of Books" library="subheaderHomePage">
<status status="NOT RUN" starttime="20230608 13:00:01.961" endtime="20230608 13:00:01.971"/>
</kw>
<status status="NOT RUN" starttime="20230608 13:00:01.950" endtime="20230608 13:00:01.979"/>
</branch>
<branch type="ELSE IF" condition="&quot;${category}&quot; == &quot;Computers&quot;">
<kw name="Click Link of Computers" library="subheaderHomePage">
<status status="NOT RUN" starttime="20230608 13:00:02.002" endtime="20230608 13:00:02.011"/>
</kw>
<status status="NOT RUN" starttime="20230608 13:00:01.991" endtime="20230608 13:00:02.025"/>
</branch>
<branch type="ELSE IF" condition="&quot;${category}&quot; == &quot;Desktops&quot;">
<kw name="Click Link of Desktops" library="subheaderHomePage">
<status status="NOT RUN" starttime="20230608 13:00:02.048" endtime="20230608 13:00:02.058"/>
</kw>
<status status="NOT RUN" starttime="20230608 13:00:02.038" endtime="20230608 13:00:02.069"/>
</branch>
<branch type="ELSE IF" condition="&quot;${category}&quot; == &quot;Notebooks&quot;">
<kw name="Click Link of Notebooks" library="subheaderHomePage">
<status status="NOT RUN" starttime="20230608 13:00:02.088" endtime="20230608 13:00:02.098"/>
</kw>
<status status="NOT RUN" starttime="20230608 13:00:02.078" endtime="20230608 13:00:02.107"/>
</branch>
<branch type="ELSE IF" condition="&quot;${category}&quot; == &quot;Accessories&quot;">
<kw name="Click Link of Accessories" library="subheaderHomePage">
<status status="NOT RUN" starttime="20230608 13:00:02.127" endtime="20230608 13:00:02.138"/>
</kw>
<status status="NOT RUN" starttime="20230608 13:00:02.118" endtime="20230608 13:00:02.152"/>
</branch>
<branch type="ELSE IF" condition="&quot;${category}&quot; == &quot;Electronics&quot;">
<kw name="Click Link of Electronics" library="subheaderHomePage">
<status status="NOT RUN" starttime="20230608 13:00:02.177" endtime="20230608 13:00:02.190"/>
</kw>
<status status="NOT RUN" starttime="20230608 13:00:02.166" endtime="20230608 13:00:02.203"/>
</branch>
<branch type="ELSE IF" condition="&quot;${category}&quot; == &quot;Camera, photo&quot;">
<kw name="Click Link of Camera, photo" library="subheaderHomePage">
<status status="NOT RUN" starttime="20230608 13:00:02.228" endtime="20230608 13:00:02.242"/>
</kw>
<status status="NOT RUN" starttime="20230608 13:00:02.216" endtime="20230608 13:00:02.255"/>
</branch>
<branch type="ELSE IF" condition="&quot;${category}&quot; == &quot;Cell phones&quot;">
<kw name="Click Link of Cell phones" library="subheaderHomePage">
<status status="NOT RUN" starttime="20230608 13:00:02.281" endtime="20230608 13:00:02.291"/>
</kw>
<status status="NOT RUN" starttime="20230608 13:00:02.268" endtime="20230608 13:00:02.303"/>
</branch>
<branch type="ELSE IF" condition="&quot;${category}&quot; == &quot;Apparel &amp; Shoes&quot;">
<kw name="Click Link of Apparel &amp; Shoes" library="subheaderHomePage">
<kw name="Click Link" library="SeleniumLibrary">
<arg>${apparel&amp;shoesLink}</arg>
<doc>Clicks a link identified by ``locator``.</doc>
<msg timestamp="20230608 13:00:02.354" level="INFO">Clicking link 'xpath:.//div[@class="header-menu"]/ul[@class="top-menu"]/li/a[@href="/apparel-shoes"]'.</msg>
<status status="PASS" starttime="20230608 13:00:02.341" endtime="20230608 13:00:02.827"/>
</kw>
<status status="PASS" starttime="20230608 13:00:02.328" endtime="20230608 13:00:02.837"/>
</kw>
<status status="PASS" starttime="20230608 13:00:02.313" endtime="20230608 13:00:02.846"/>
</branch>
<branch type="ELSE IF" condition="&quot;${category}&quot; == &quot;Digital downloads&quot;">
<kw name="Click Link of Digital downloads" library="subheaderHomePage">
<status status="NOT RUN" starttime="20230608 13:00:02.866" endtime="20230608 13:00:02.876"/>
</kw>
<status status="NOT RUN" starttime="20230608 13:00:02.856" endtime="20230608 13:00:02.887"/>
</branch>
<branch type="ELSE IF" condition="&quot;${category}&quot; == &quot;Jewelry&quot;">
<kw name="Click Link of Jewelry" library="subheaderHomePage">
<status status="NOT RUN" starttime="20230608 13:00:02.909" endtime="20230608 13:00:02.920"/>
</kw>
<status status="NOT RUN" starttime="20230608 13:00:02.898" endtime="20230608 13:00:02.935"/>
</branch>
<branch type="ELSE IF" condition="&quot;${category}&quot; == &quot;Gift Cards&quot;">
<kw name="Click Link of Gift Cards" library="subheaderHomePage">
<status status="NOT RUN" starttime="20230608 13:00:02.959" endtime="20230608 13:00:02.968"/>
</kw>
<status status="NOT RUN" starttime="20230608 13:00:02.948" endtime="20230608 13:00:02.976"/>
</branch>
<branch type="ELSE">
<kw name="Log" library="BuiltIn">
<arg>"No es un producto existente"</arg>
<doc>Logs the given message with the given level.</doc>
<status status="NOT RUN" starttime="20230608 13:00:02.994" endtime="20230608 13:00:03.003"/>
</kw>
<status status="NOT RUN" starttime="20230608 13:00:02.985" endtime="20230608 13:00:03.012"/>
</branch>
<status status="PASS" starttime="20230608 13:00:01.950" endtime="20230608 13:00:03.020"/>
</if>
<kw name="Catenate" library="BuiltIn">
<var>${checkproductPage}</var>
<arg>SEPARATOR=</arg>
<arg>xpath:.//h1[text()='${category}']</arg>
<doc>Catenates the given items together and returns the resulted string.</doc>
<msg timestamp="20230608 13:00:03.029" level="INFO">${checkproductPage} = xpath:.//h1[text()='Apparel &amp; Shoes']</msg>
<status status="PASS" starttime="20230608 13:00:03.020" endtime="20230608 13:00:03.029"/>
</kw>
<kw name="Wait Until Element Is Visible" library="SeleniumLibrary">
<arg>${checkproductPage}</arg>
<doc>Waits until the element ``locator`` is visible.</doc>
<status status="PASS" starttime="20230608 13:00:03.038" endtime="20230608 13:00:03.070"/>
</kw>
<status status="PASS" starttime="20230608 13:00:01.937" endtime="20230608 13:00:03.079"/>
</kw>
<kw name="And Select 1 Casual Golf Belt And Add it To Shopping Cart" library="productPage" sourcename="Select ${quantity} ${product} And Add it To Shopping Cart">
<kw name="Page Should Contain Element" library="SeleniumLibrary">
<arg>${productsList}</arg>
<doc>Verifies that element ``locator`` is found on the current page.</doc>
<msg timestamp="20230608 13:00:03.117" level="INFO">Current page contains element 'xpath:.//h2[@class="product-title"]/a'.</msg>
<status status="PASS" starttime="20230608 13:00:03.097" endtime="20230608 13:00:03.117"/>
</kw>
<kw name="Get Element Count" library="SeleniumLibrary">
<var>${count}</var>
<arg>${productsList}</arg>
<doc>Returns the number of elements matching ``locator``.</doc>
<msg timestamp="20230608 13:00:03.144" level="INFO">${count} = 8</msg>
<status status="PASS" starttime="20230608 13:00:03.127" endtime="20230608 13:00:03.144"/>
</kw>
<kw name="Should Be True" library="BuiltIn">
<arg>${count} &gt; 0</arg>
<doc>Fails if the given condition is not true.</doc>
<status status="PASS" starttime="20230608 13:00:03.155" endtime="20230608 13:00:03.163"/>
</kw>
<kw name="Catenate" library="BuiltIn">
<var>${productLink}</var>
<arg>SEPARATOR=</arg>
<arg>xpath://h2[@class='product-title']/a[text()='${product}']</arg>
<doc>Catenates the given items together and returns the resulted string.</doc>
<msg timestamp="20230608 13:00:03.182" level="INFO">${productLink} = xpath://h2[@class='product-title']/a[text()='Casual Golf Belt']</msg>
<status status="PASS" starttime="20230608 13:00:03.173" endtime="20230608 13:00:03.182"/>
</kw>
<kw name="Click Element" library="SeleniumLibrary">
<arg>${productLink}</arg>
<doc>Click the element identified by ``locator``.</doc>
<msg timestamp="20230608 13:00:03.203" level="INFO">Clicking element 'xpath://h2[@class='product-title']/a[text()='Casual Golf Belt']'.</msg>
<status status="PASS" starttime="20230608 13:00:03.192" endtime="20230608 13:00:04.241"/>
</kw>
<kw name="Catenate" library="BuiltIn">
<var>${productDetailsCell}</var>
<arg>SEPARATOR=</arg>
<arg>xpath:.//h1[contains(text(),'${product}')]</arg>
<doc>Catenates the given items together and returns the resulted string.</doc>
<msg timestamp="20230608 13:00:04.260" level="INFO">${productDetailsCell} = xpath:.//h1[contains(text(),'Casual Golf Belt')]</msg>
<status status="PASS" starttime="20230608 13:00:04.251" endtime="20230608 13:00:04.260"/>
</kw>
<kw name="Wait Until Element Is Visible" library="SeleniumLibrary">
<arg>${productDetailsCell}</arg>
<doc>Waits until the element ``locator`` is visible.</doc>
<status status="PASS" starttime="20230608 13:00:04.269" endtime="20230608 13:00:04.305"/>
</kw>
<kw name="Get Text" library="SeleniumLibrary">
<var>${quantityBeforeText}</var>
<arg>${shoppingCartQuantity}</arg>
<doc>Returns the text value of the element identified by ``locator``.</doc>
<msg timestamp="20230608 13:00:04.353" level="INFO">${quantityBeforeText} = (38)</msg>
<status status="PASS" starttime="20230608 13:00:04.315" endtime="20230608 13:00:04.353"/>
</kw>
<kw name="Remove String" library="String">
<var>${quantityBeforeText}</var>
<arg>${quantityBeforeText}</arg>
<arg>(</arg>
<doc>Removes all ``removables`` from the given ``string``.</doc>
<msg timestamp="20230608 13:00:04.373" level="INFO">${quantityBeforeText} = 38)</msg>
<status status="PASS" starttime="20230608 13:00:04.363" endtime="20230608 13:00:04.373"/>
</kw>
<kw name="Remove String" library="String">
<var>${quantityBeforeText}</var>
<arg>${quantityBeforeText}</arg>
<arg>)</arg>
<doc>Removes all ``removables`` from the given ``string``.</doc>
<msg timestamp="20230608 13:00:04.393" level="INFO">${quantityBeforeText} = 38</msg>
<status status="PASS" starttime="20230608 13:00:04.383" endtime="20230608 13:00:04.393"/>
</kw>
<kw name="Convert To Integer" library="BuiltIn">
<var>${quantityBefore}</var>
<arg>${quantityBeforeText}</arg>
<doc>Converts the given item to an integer number.</doc>
<msg timestamp="20230608 13:00:04.417" level="INFO">${quantityBefore} = 38</msg>
<status status="PASS" starttime="20230608 13:00:04.405" endtime="20230608 13:00:04.417"/>
</kw>
<kw name="Convert To Integer" library="BuiltIn">
<var>${quantity}</var>
<arg>${quantity}</arg>
<doc>Converts the given item to an integer number.</doc>
<msg timestamp="20230608 13:00:04.435" level="INFO">${quantity} = 1</msg>
<status status="PASS" starttime="20230608 13:00:04.427" endtime="20230608 13:00:04.435"/>
</kw>
<kw name="Evaluate" library="BuiltIn">
<var>${expectedQuantityAfter}</var>
<arg>${quantityBefore} + ${quantity}</arg>
<doc>Evaluates the given expression in Python and returns the result.</doc>
<msg timestamp="20230608 13:00:04.460" level="INFO">${expectedQuantityAfter} = 39</msg>
<status status="PASS" starttime="20230608 13:00:04.450" endtime="20230608 13:00:04.460"/>
</kw>
<kw name="Run Keyword And Return Status" library="BuiltIn">
<var>${passed}</var>
<arg>Element Should Be Visible</arg>
<arg>${addToCartButton}</arg>
<doc>Runs the given keyword with given arguments and returns the status as a Boolean value.</doc>
<kw name="Element Should Be Visible" library="SeleniumLibrary">
<arg>${addToCartButton}</arg>
<doc>Verifies that the element identified by ``locator`` is visible.</doc>
<msg timestamp="20230608 13:00:04.510" level="INFO">Element 'xpath:.//input[@class="button-1 add-to-cart-button"]' is displayed.</msg>
<status status="PASS" starttime="20230608 13:00:04.479" endtime="20230608 13:00:04.510"/>
</kw>
<msg timestamp="20230608 13:00:04.519" level="INFO">${passed} = True</msg>
<status status="PASS" starttime="20230608 13:00:04.469" endtime="20230608 13:00:04.519"/>
</kw>
<kw name="Run Keyword If" library="BuiltIn">
<arg>${passed}</arg>
<arg>Clear Element Text</arg>
<arg>${productQuantityInput}</arg>
<doc>Runs the given keyword with the given arguments, if ``condition`` is true.</doc>
<kw name="Clear Element Text" library="SeleniumLibrary">
<arg>${productQuantityInput}</arg>
<doc>Clears the value of the text-input-element identified by ``locator``.</doc>
<status status="PASS" starttime="20230608 13:00:04.538" endtime="20230608 13:00:04.582"/>
</kw>
<status status="PASS" starttime="20230608 13:00:04.529" endtime="20230608 13:00:04.592"/>
</kw>
<kw name="Run Keyword If" library="BuiltIn">
<arg>${passed}</arg>
<arg>Input Text</arg>
<arg>${productQuantityInput}</arg>
<arg>${quantity}</arg>
<doc>Runs the given keyword with the given arguments, if ``condition`` is true.</doc>
<kw name="Input Text" library="SeleniumLibrary">
<arg>${productQuantityInput}</arg>
<arg>${quantity}</arg>
<doc>Types the given ``text`` into the text field identified by ``locator``.</doc>
<msg timestamp="20230608 13:00:04.621" level="INFO">Typing text '1' into text field 'xpath:.//input[@class="qty-input"]'.</msg>
<status status="PASS" starttime="20230608 13:00:04.611" endtime="20230608 13:00:04.688"/>
</kw>
<status status="PASS" starttime="20230608 13:00:04.601" endtime="20230608 13:00:04.696"/>
</kw>
<kw name="Run Keyword If" library="BuiltIn">
<arg>${passed}</arg>
<arg>Click Element</arg>
<arg>${addToCartButton}</arg>
<doc>Runs the given keyword with the given arguments, if ``condition`` is true.</doc>
<kw name="Click Element" library="SeleniumLibrary">
<arg>${addToCartButton}</arg>
<doc>Click the element identified by ``locator``.</doc>
<msg timestamp="20230608 13:00:04.723" level="INFO">Clicking element 'xpath:.//input[@class="button-1 add-to-cart-button"]'.</msg>
<status status="PASS" starttime="20230608 13:00:04.713" endtime="20230608 13:00:04.774"/>
</kw>
<status status="PASS" starttime="20230608 13:00:04.704" endtime="20230608 13:00:04.785"/>
</kw>
<kw name="Run Keyword If" library="BuiltIn">
<arg>${passed}</arg>
<arg>Sleep</arg>
<arg>2</arg>
<doc>Runs the given keyword with the given arguments, if ``condition`` is true.</doc>
<kw name="Sleep" library="BuiltIn">
<arg>2</arg>
<doc>Pauses the test executed for the given time.</doc>
<msg timestamp="20230608 13:00:06.811" level="INFO">Slept 2 seconds</msg>
<status status="PASS" starttime="20230608 13:00:04.802" endtime="20230608 13:00:06.811"/>
</kw>
<status status="PASS" starttime="20230608 13:00:04.793" endtime="20230608 13:00:06.827"/>
</kw>
<kw name="Run Keyword If" library="BuiltIn">
<arg>${passed}</arg>
<arg>SeleniumLibrary.Wait Until Element Is Visible</arg>
<arg>${addToCartSuccessMessage}</arg>
<doc>Runs the given keyword with the given arguments, if ``condition`` is true.</doc>
<kw name="Wait Until Element Is Visible" library="SeleniumLibrary">
<arg>${addToCartSuccessMessage}</arg>
<doc>Waits until the element ``locator`` is visible.</doc>
<status status="PASS" starttime="20230608 13:00:06.855" endtime="20230608 13:00:06.898"/>
</kw>
<status status="PASS" starttime="20230608 13:00:06.840" endtime="20230608 13:00:06.917"/>
</kw>
<kw name="Run Keyword If" library="BuiltIn">
<arg>${passed}</arg>
<arg>Scroll Element Into View</arg>
<arg>${shoppingCartQuantity}</arg>
<doc>Runs the given keyword with the given arguments, if ``condition`` is true.</doc>
<kw name="Scroll Element Into View" library="SeleniumLibrary">
<arg>${shoppingCartQuantity}</arg>
<doc>Scrolls the element identified by ``locator`` into view.</doc>
<status status="PASS" starttime="20230608 13:00:06.938" endtime="20230608 13:00:07.233"/>
</kw>
<status status="PASS" starttime="20230608 13:00:06.927" endtime="20230608 13:00:07.242"/>
</kw>
<kw name="Get Text" library="SeleniumLibrary">
<var>${quantityAfterText}</var>
<arg>${shoppingCartQuantity}</arg>
<doc>Returns the text value of the element identified by ``locator``.</doc>
<msg timestamp="20230608 13:00:07.282" level="INFO">${quantityAfterText} = (39)</msg>
<status status="PASS" starttime="20230608 13:00:07.252" endtime="20230608 13:00:07.282"/>
</kw>
<kw name="Remove String" library="String">
<var>${quantityAfterText}</var>
<arg>${quantityAfterText}</arg>
<arg>)</arg>
<doc>Removes all ``removables`` from the given ``string``.</doc>
<msg timestamp="20230608 13:00:07.302" level="INFO">${quantityAfterText} = (39</msg>
<status status="PASS" starttime="20230608 13:00:07.291" endtime="20230608 13:00:07.302"/>
</kw>
<kw name="Remove String" library="String">
<var>${quantityAfterText}</var>
<arg>${quantityAfterText}</arg>
<arg>(</arg>
<doc>Removes all ``removables`` from the given ``string``.</doc>
<msg timestamp="20230608 13:00:07.320" level="INFO">${quantityAfterText} = 39</msg>
<status status="PASS" starttime="20230608 13:00:07.311" endtime="20230608 13:00:07.320"/>
</kw>
<kw name="Convert To Integer" library="BuiltIn">
<var>${quantityAfter}</var>
<arg>${quantityAfterText}</arg>
<doc>Converts the given item to an integer number.</doc>
<msg timestamp="20230608 13:00:07.340" level="INFO">${quantityAfter} = 39</msg>
<status status="PASS" starttime="20230608 13:00:07.330" endtime="20230608 13:00:07.340"/>
</kw>
<kw name="Run Keyword If" library="BuiltIn">
<arg>${passed}</arg>
<arg>Should Be Equal As Numbers</arg>
<arg>${quantityAfter}</arg>
<arg>${expectedQuantityAfter}</arg>
<doc>Runs the given keyword with the given arguments, if ``condition`` is true.</doc>
<kw name="Should Be Equal As Numbers" library="BuiltIn">
<arg>${quantityAfter}</arg>
<arg>${expectedQuantityAfter}</arg>
<doc>Fails if objects are unequal after converting them to real numbers.</doc>
<status status="PASS" starttime="20230608 13:00:07.358" endtime="20230608 13:00:07.366"/>
</kw>
<status status="PASS" starttime="20230608 13:00:07.348" endtime="20230608 13:00:07.375"/>
</kw>
<kw name="Run Keyword If" library="BuiltIn">
<arg>${passed} == False</arg>
<arg>Should Be Equal As Numbers</arg>
<arg>${quantityAfter}</arg>
<arg>${quantityBefore}</arg>
<doc>Runs the given keyword with the given arguments, if ``condition`` is true.</doc>
<status status="PASS" starttime="20230608 13:00:07.385" endtime="20230608 13:00:07.395"/>
</kw>
<status status="PASS" starttime="20230608 13:00:03.087" endtime="20230608 13:00:07.404"/>
</kw>
<kw name="End Tests" library="variables" type="TEARDOWN">
<kw name="Close All Browsers" library="SeleniumLibrary">
<doc>Closes all open browsers and resets the browser cache.</doc>
<status status="PASS" starttime="20230608 13:00:07.423" endtime="20230608 13:00:13.794"/>
</kw>
<status status="PASS" starttime="20230608 13:00:07.414" endtime="20230608 13:00:13.815"/>
</kw>
<doc>Add Blue Jean from Apparel and Shoes to Shopping Cart</doc>
<status status="PASS" starttime="20230608 12:59:57.632" endtime="20230608 13:00:13.827"/>
</test>
<test id="s1-t3" name="3.0 Add Fiction To Shopping Cart" line="31">
<kw name="Setup Environment" library="variables" type="SETUP">
<kw name="Set Global Variable" library="BuiltIn">
<arg>${browser}</arg>
<arg>${browser}</arg>
<doc>Makes a variable available globally in all tests and suites.</doc>
<msg timestamp="20230608 13:00:13.867" level="INFO">${browser} = Chrome</msg>
<status status="PASS" starttime="20230608 13:00:13.858" endtime="20230608 13:00:13.867"/>
</kw>
<kw name="Set Global Variable" library="BuiltIn">
<arg>${urlTricentisDemoWebShop}</arg>
<arg>https://demowebshop.tricentis.com/</arg>
<doc>Makes a variable available globally in all tests and suites.</doc>
<msg timestamp="20230608 13:00:13.887" level="INFO">${urlTricentisDemoWebShop} = https://demowebshop.tricentis.com/</msg>
<status status="PASS" starttime="20230608 13:00:13.878" endtime="20230608 13:00:13.887"/>
</kw>
<kw name="Set Global Variable" library="BuiltIn">
<arg>${username}</arg>
<arg>johndoe@dummyweb.com</arg>
<doc>Makes a variable available globally in all tests and suites.</doc>
<msg timestamp="20230608 13:00:13.906" level="INFO">${username} = johndoe@dummyweb.com</msg>
<status status="PASS" starttime="20230608 13:00:13.897" endtime="20230608 13:00:13.906"/>
</kw>
<kw name="Set Global Variable" library="BuiltIn">
<arg>${password}</arg>
<arg>Tosca1234!</arg>
<doc>Makes a variable available globally in all tests and suites.</doc>
<msg timestamp="20230608 13:00:13.925" level="INFO">${password} = Tosca1234!</msg>
<status status="PASS" starttime="20230608 13:00:13.915" endtime="20230608 13:00:13.925"/>
</kw>
<status status="PASS" starttime="20230608 13:00:13.848" endtime="20230608 13:00:13.936"/>
</kw>
<kw name="Given Open Browser To Login Page" library="homePage">
<kw name="Given Open Browser and Confirm with Logo" library="headerHomePage">
<kw name="Open Browser" library="SeleniumLibrary">
<arg>${urlTricentisDemoWebShop}</arg>
<arg>${browser}</arg>
<doc>Opens a new browser instance to the optional ``url``.</doc>
<msg timestamp="20230608 13:00:13.977" level="INFO">Opening browser 'Chrome' to base url 'https://demowebshop.tricentis.com/'.</msg>
<status status="PASS" starttime="20230608 13:00:13.968" endtime="20230608 13:00:16.873"/>
</kw>
<kw name="Maximize Browser Window" library="SeleniumLibrary">
<doc>Maximizes current browser window.</doc>
<status status="PASS" starttime="20230608 13:00:16.883" endtime="20230608 13:00:17.011"/>
</kw>
<kw name="Wait Until Page Contains Element" library="SeleniumLibrary">
<arg>${headerLogo}</arg>
<doc>Waits until the element ``locator`` appears on the current page.</doc>
<status status="PASS" starttime="20230608 13:00:17.025" endtime="20230608 13:00:17.054"/>
</kw>
<status status="PASS" starttime="20230608 13:00:13.957" endtime="20230608 13:00:17.063"/>
</kw>
<kw name="Then Click in the Link of Login" library="headerHomePage">
<kw name="Click Link" library="SeleniumLibrary">
<arg>${loginLink}</arg>
<doc>Clicks a link identified by ``locator``.</doc>
<msg timestamp="20230608 13:00:17.095" level="INFO">Clicking link 'class:ico-login'.</msg>
<status status="PASS" starttime="20230608 13:00:17.086" endtime="20230608 13:00:17.577"/>
</kw>
<status status="PASS" starttime="20230608 13:00:17.075" endtime="20230608 13:00:17.589"/>
</kw>
<status status="PASS" starttime="20230608 13:00:13.946" endtime="20230608 13:00:17.598"/>
</kw>
<kw name="Given Login with ${username} and ${password}" library="loginPage" sourcename="Login with ${username} and ${password}">
<kw name="Input Text" library="SeleniumLibrary">
<arg>${loginInput}</arg>
<arg>${username}</arg>
<doc>Types the given ``text`` into the text field identified by ``locator``.</doc>
<msg timestamp="20230608 13:00:17.626" level="INFO">Typing text 'johndoe@dummyweb.com' into text field 'id:Email'.</msg>
<status status="PASS" starttime="20230608 13:00:17.616" endtime="20230608 13:00:17.719"/>
</kw>
<kw name="Input Text" library="SeleniumLibrary">
<arg>${passwordInput}</arg>
<arg>${password}</arg>
<doc>Types the given ``text`` into the text field identified by ``locator``.</doc>
<msg timestamp="20230608 13:00:17.737" level="INFO">Typing text 'Tosca1234!' into text field 'id:Password'.</msg>
<status status="PASS" starttime="20230608 13:00:17.727" endtime="20230608 13:00:17.837"/>
</kw>
<kw name="Click Button" library="SeleniumLibrary">
<arg>${loginButton}</arg>
<doc>Clicks the button identified by ``locator``.</doc>
<msg timestamp="20230608 13:00:17.853" level="INFO">Clicking button 'xpath:.//input[@value="Log in"]'.</msg>
<status status="PASS" starttime="20230608 13:00:17.845" endtime="20230608 13:00:18.340"/>
</kw>
<status status="PASS" starttime="20230608 13:00:17.607" endtime="20230608 13:00:18.360"/>
</kw>
<kw name="And Welcome Page Is Displayed" library="loginPage">
<kw name="Catenate" library="BuiltIn">
<var>${checkUserLogin}</var>
<arg>SEPARATOR=</arg>
<arg>${checkUserLogin}${username}']</arg>
<doc>Catenates the given items together and returns the resulted string.</doc>
<msg timestamp="20230608 13:00:18.400" level="INFO">${checkUserLogin} = xpath:.//a[text()='johndoe@dummyweb.com']</msg>
<status status="PASS" starttime="20230608 13:00:18.387" endtime="20230608 13:00:18.400"/>
</kw>
<kw name="Wait Until Page Contains Element" library="SeleniumLibrary">
<arg>${checkUserLogin}</arg>
<doc>Waits until the element ``locator`` appears on the current page.</doc>
<status status="PASS" starttime="20230608 13:00:18.412" endtime="20230608 13:00:18.463"/>
</kw>
<kw name="Wait Until Element Is Visible" library="SeleniumLibrary">
<arg>${logoutLink}</arg>
<doc>Waits until the element ``locator`` is visible.</doc>
<status status="PASS" starttime="20230608 13:00:18.472" endtime="20230608 13:00:18.511"/>
</kw>
<status status="PASS" starttime="20230608 13:00:18.372" endtime="20230608 13:00:18.520"/>
</kw>
<kw name="When Navigate To Books Page" library="homePage" sourcename="Navigate To ${category} Page">
<if>
<branch type="IF" condition="&quot;${category}&quot; == &quot;Books&quot;">
<kw name="Click Link of Books" library="subheaderHomePage">
<kw name="Click Link" library="SeleniumLibrary">
<arg>${booksLink}</arg>
<doc>Clicks a link identified by ``locator``.</doc>
<msg timestamp="20230608 13:00:18.571" level="INFO">Clicking link 'xpath:.//div[@class="header-menu"]/ul[@class="top-menu"]/li/a[@href="/books"]'.</msg>
<status status="PASS" starttime="20230608 13:00:18.559" endtime="20230608 13:00:18.992"/>
</kw>
<status status="PASS" starttime="20230608 13:00:18.549" endtime="20230608 13:00:19.003"/>
</kw>
<status status="PASS" starttime="20230608 13:00:18.539" endtime="20230608 13:00:19.014"/>
</branch>
<branch type="ELSE IF" condition="&quot;${category}&quot; == &quot;Computers&quot;">
<kw name="Click Link of Computers" library="subheaderHomePage">
<status status="NOT RUN" starttime="20230608 13:00:19.034" endtime="20230608 13:00:19.044"/>
</kw>
<status status="NOT RUN" starttime="20230608 13:00:19.024" endtime="20230608 13:00:19.053"/>
</branch>
<branch type="ELSE IF" condition="&quot;${category}&quot; == &quot;Desktops&quot;">
<kw name="Click Link of Desktops" library="subheaderHomePage">
<status status="NOT RUN" starttime="20230608 13:00:19.073" endtime="20230608 13:00:19.083"/>
</kw>
<status status="NOT RUN" starttime="20230608 13:00:19.062" endtime="20230608 13:00:19.094"/>
</branch>
<branch type="ELSE IF" condition="&quot;${category}&quot; == &quot;Notebooks&quot;">
<kw name="Click Link of Notebooks" library="subheaderHomePage">
<status status="NOT RUN" starttime="20230608 13:00:19.116" endtime="20230608 13:00:19.126"/>
</kw>
<status status="NOT RUN" starttime="20230608 13:00:19.104" endtime="20230608 13:00:19.137"/>
</branch>
<branch type="ELSE IF" condition="&quot;${category}&quot; == &quot;Accessories&quot;">
<kw name="Click Link of Accessories" library="subheaderHomePage">
<status status="NOT RUN" starttime="20230608 13:00:19.159" endtime="20230608 13:00:19.173"/>
</kw>
<status status="NOT RUN" starttime="20230608 13:00:19.147" endtime="20230608 13:00:19.187"/>
</branch>
<branch type="ELSE IF" condition="&quot;${category}&quot; == &quot;Electronics&quot;">
<kw name="Click Link of Electronics" library="subheaderHomePage">
<status status="NOT RUN" starttime="20230608 13:00:19.209" endtime="20230608 13:00:19.219"/>
</kw>
<status status="NOT RUN" starttime="20230608 13:00:19.198" endtime="20230608 13:00:19.229"/>
</branch>
<branch type="ELSE IF" condition="&quot;${category}&quot; == &quot;Camera, photo&quot;">
<kw name="Click Link of Camera, photo" library="subheaderHomePage">
<status status="NOT RUN" starttime="20230608 13:00:19.247" endtime="20230608 13:00:19.255"/>
</kw>
<status status="NOT RUN" starttime="20230608 13:00:19.238" endtime="20230608 13:00:19.265"/>
</branch>
<branch type="ELSE IF" condition="&quot;${category}&quot; == &quot;Cell phones&quot;">
<kw name="Click Link of Cell phones" library="subheaderHomePage">
<status status="NOT RUN" starttime="20230608 13:00:19.285" endtime="20230608 13:00:19.294"/>
</kw>
<status status="NOT RUN" starttime="20230608 13:00:19.275" endtime="20230608 13:00:19.303"/>
</branch>
<branch type="ELSE IF" condition="&quot;${category}&quot; == &quot;Apparel &amp; Shoes&quot;">
<kw name="Click Link of Apparel &amp; Shoes" library="subheaderHomePage">
<status status="NOT RUN" starttime="20230608 13:00:19.322" endtime="20230608 13:00:19.332"/>
</kw>
<status status="NOT RUN" starttime="20230608 13:00:19.311" endtime="20230608 13:00:19.342"/>
</branch>
<branch type="ELSE IF" condition="&quot;${category}&quot; == &quot;Digital downloads&quot;">
<kw name="Click Link of Digital downloads" library="subheaderHomePage">
<status status="NOT RUN" starttime="20230608 13:00:19.361" endtime="20230608 13:00:19.370"/>
</kw>
<status status="NOT RUN" starttime="20230608 13:00:19.351" endtime="20230608 13:00:19.386"/>
</branch>
<branch type="ELSE IF" condition="&quot;${category}&quot; == &quot;Jewelry&quot;">
<kw name="Click Link of Jewelry" library="subheaderHomePage">
<status status="NOT RUN" starttime="20230608 13:00:19.411" endtime="20230608 13:00:19.422"/>
</kw>
<status status="NOT RUN" starttime="20230608 13:00:19.399" endtime="20230608 13:00:19.441"/>
</branch>
<branch type="ELSE IF" condition="&quot;${category}&quot; == &quot;Gift Cards&quot;">
<kw name="Click Link of Gift Cards" library="subheaderHomePage">
<status status="NOT RUN" starttime="20230608 13:00:19.465" endtime="20230608 13:00:19.474"/>
</kw>
<status status="NOT RUN" starttime="20230608 13:00:19.456" endtime="20230608 13:00:19.483"/>
</branch>
<branch type="ELSE">
<kw name="Log" library="BuiltIn">
<arg>"No es un producto existente"</arg>
<doc>Logs the given message with the given level.</doc>
<status status="NOT RUN" starttime="20230608 13:00:19.501" endtime="20230608 13:00:19.511"/>
</kw>
<status status="NOT RUN" starttime="20230608 13:00:19.493" endtime="20230608 13:00:19.519"/>
</branch>
<status status="PASS" starttime="20230608 13:00:18.539" endtime="20230608 13:00:19.529"/>
</if>
<kw name="Catenate" library="BuiltIn">
<var>${checkproductPage}</var>
<arg>SEPARATOR=</arg>
<arg>xpath:.//h1[text()='${category}']</arg>
<doc>Catenates the given items together and returns the resulted string.</doc>
<msg timestamp="20230608 13:00:19.537" level="INFO">${checkproductPage} = xpath:.//h1[text()='Books']</msg>
<status status="PASS" starttime="20230608 13:00:19.529" endtime="20230608 13:00:19.537"/>
</kw>
<kw name="Wait Until Element Is Visible" library="SeleniumLibrary">
<arg>${checkproductPage}</arg>
<doc>Waits until the element ``locator`` is visible.</doc>
<status status="PASS" starttime="20230608 13:00:19.548" endtime="20230608 13:00:19.582"/>
</kw>
<status status="PASS" starttime="20230608 13:00:18.529" endtime="20230608 13:00:19.591"/>
</kw>
<kw name="And Select 1 Fiction And Add it To Shopping Cart" library="productPage" sourcename="Select ${quantity} ${product} And Add it To Shopping Cart">
<kw name="Page Should Contain Element" library="SeleniumLibrary">
<arg>${productsList}</arg>
<doc>Verifies that element ``locator`` is found on the current page.</doc>
<msg timestamp="20230608 13:00:19.636" level="INFO">Current page contains element 'xpath:.//h2[@class="product-title"]/a'.</msg>
<status status="PASS" starttime="20230608 13:00:19.612" endtime="20230608 13:00:19.636"/>
</kw>
<kw name="Get Element Count" library="SeleniumLibrary">
<var>${count}</var>
<arg>${productsList}</arg>
<doc>Returns the number of elements matching ``locator``.</doc>
<msg timestamp="20230608 13:00:19.666" level="INFO">${count} = 6</msg>
<status status="PASS" starttime="20230608 13:00:19.646" endtime="20230608 13:00:19.666"/>
</kw>
<kw name="Should Be True" library="BuiltIn">
<arg>${count} &gt; 0</arg>
<doc>Fails if the given condition is not true.</doc>
<status status="PASS" starttime="20230608 13:00:19.674" endtime="20230608 13:00:19.683"/>
</kw>
<kw name="Catenate" library="BuiltIn">
<var>${productLink}</var>
<arg>SEPARATOR=</arg>
<arg>xpath://h2[@class='product-title']/a[text()='${product}']</arg>
<doc>Catenates the given items together and returns the resulted string.</doc>
<msg timestamp="20230608 13:00:19.700" level="INFO">${productLink} = xpath://h2[@class='product-title']/a[text()='Fiction']</msg>
<status status="PASS" starttime="20230608 13:00:19.691" endtime="20230608 13:00:19.700"/>
</kw>
<kw name="Click Element" library="SeleniumLibrary">
<arg>${productLink}</arg>
<doc>Click the element identified by ``locator``.</doc>
<msg timestamp="20230608 13:00:19.719" level="INFO">Clicking element 'xpath://h2[@class='product-title']/a[text()='Fiction']'.</msg>
<status status="PASS" starttime="20230608 13:00:19.710" endtime="20230608 13:00:20.805"/>
</kw>
<kw name="Catenate" library="BuiltIn">
<var>${productDetailsCell}</var>
<arg>SEPARATOR=</arg>
<arg>xpath:.//h1[contains(text(),'${product}')]</arg>
<doc>Catenates the given items together and returns the resulted string.</doc>
<msg timestamp="20230608 13:00:20.824" level="INFO">${productDetailsCell} = xpath:.//h1[contains(text(),'Fiction')]</msg>
<status status="PASS" starttime="20230608 13:00:20.815" endtime="20230608 13:00:20.824"/>
</kw>
<kw name="Wait Until Element Is Visible" library="SeleniumLibrary">
<arg>${productDetailsCell}</arg>
<doc>Waits until the element ``locator`` is visible.</doc>
<status status="PASS" starttime="20230608 13:00:20.833" endtime="20230608 13:00:20.871"/>
</kw>
<kw name="Get Text" library="SeleniumLibrary">
<var>${quantityBeforeText}</var>
<arg>${shoppingCartQuantity}</arg>
<doc>Returns the text value of the element identified by ``locator``.</doc>
<msg timestamp="20230608 13:00:20.916" level="INFO">${quantityBeforeText} = (39)</msg>
<status status="PASS" starttime="20230608 13:00:20.879" endtime="20230608 13:00:20.916"/>
</kw>
<kw name="Remove String" library="String">
<var>${quantityBeforeText}</var>
<arg>${quantityBeforeText}</arg>
<arg>(</arg>
<doc>Removes all ``removables`` from the given ``string``.</doc>
<msg timestamp="20230608 13:00:20.935" level="INFO">${quantityBeforeText} = 39)</msg>
<status status="PASS" starttime="20230608 13:00:20.926" endtime="20230608 13:00:20.935"/>
</kw>
<kw name="Remove String" library="String">
<var>${quantityBeforeText}</var>
<arg>${quantityBeforeText}</arg>
<arg>)</arg>
<doc>Removes all ``removables`` from the given ``string``.</doc>
<msg timestamp="20230608 13:00:20.954" level="INFO">${quantityBeforeText} = 39</msg>
<status status="PASS" starttime="20230608 13:00:20.944" endtime="20230608 13:00:20.954"/>
</kw>
<kw name="Convert To Integer" library="BuiltIn">
<var>${quantityBefore}</var>
<arg>${quantityBeforeText}</arg>
<doc>Converts the given item to an integer number.</doc>
<msg timestamp="20230608 13:00:20.974" level="INFO">${quantityBefore} = 39</msg>
<status status="PASS" starttime="20230608 13:00:20.964" endtime="20230608 13:00:20.974"/>
</kw>
<kw name="Convert To Integer" library="BuiltIn">
<var>${quantity}</var>
<arg>${quantity}</arg>
<doc>Converts the given item to an integer number.</doc>
<msg timestamp="20230608 13:00:20.991" level="INFO">${quantity} = 1</msg>
<status status="PASS" starttime="20230608 13:00:20.982" endtime="20230608 13:00:20.991"/>
</kw>
<kw name="Evaluate" library="BuiltIn">
<var>${expectedQuantityAfter}</var>
<arg>${quantityBefore} + ${quantity}</arg>
<doc>Evaluates the given expression in Python and returns the result.</doc>
<msg timestamp="20230608 13:00:21.011" level="INFO">${expectedQuantityAfter} = 40</msg>
<status status="PASS" starttime="20230608 13:00:21.001" endtime="20230608 13:00:21.011"/>
</kw>
<kw name="Run Keyword And Return Status" library="BuiltIn">
<var>${passed}</var>
<arg>Element Should Be Visible</arg>
<arg>${addToCartButton}</arg>
<doc>Runs the given keyword with given arguments and returns the status as a Boolean value.</doc>
<kw name="Element Should Be Visible" library="SeleniumLibrary">
<arg>${addToCartButton}</arg>
<doc>Verifies that the element identified by ``locator`` is visible.</doc>
<msg timestamp="20230608 13:00:21.062" level="INFO">Element 'xpath:.//input[@class="button-1 add-to-cart-button"]' is displayed.</msg>
<status status="PASS" starttime="20230608 13:00:21.031" endtime="20230608 13:00:21.062"/>
</kw>
<msg timestamp="20230608 13:00:21.070" level="INFO">${passed} = True</msg>
<status status="PASS" starttime="20230608 13:00:21.022" endtime="20230608 13:00:21.070"/>
</kw>
<kw name="Run Keyword If" library="BuiltIn">
<arg>${passed}</arg>
<arg>Clear Element Text</arg>
<arg>${productQuantityInput}</arg>
<doc>Runs the given keyword with the given arguments, if ``condition`` is true.</doc>
<kw name="Clear Element Text" library="SeleniumLibrary">
<arg>${productQuantityInput}</arg>
<doc>Clears the value of the text-input-element identified by ``locator``.</doc>
<status status="PASS" starttime="20230608 13:00:21.087" endtime="20230608 13:00:21.133"/>
</kw>
<status status="PASS" starttime="20230608 13:00:21.079" endtime="20230608 13:00:21.142"/>
</kw>
<kw name="Run Keyword If" library="BuiltIn">
<arg>${passed}</arg>
<arg>Input Text</arg>
<arg>${productQuantityInput}</arg>
<arg>${quantity}</arg>
<doc>Runs the given keyword with the given arguments, if ``condition`` is true.</doc>
<kw name="Input Text" library="SeleniumLibrary">
<arg>${productQuantityInput}</arg>
<arg>${quantity}</arg>
<doc>Types the given ``text`` into the text field identified by ``locator``.</doc>
<msg timestamp="20230608 13:00:21.171" level="INFO">Typing text '1' into text field 'xpath:.//input[@class="qty-input"]'.</msg>
<status status="PASS" starttime="20230608 13:00:21.161" endtime="20230608 13:00:21.242"/>
</kw>
<status status="PASS" starttime="20230608 13:00:21.151" endtime="20230608 13:00:21.252"/>
</kw>
<kw name="Run Keyword If" library="BuiltIn">
<arg>${passed}</arg>
<arg>Click Element</arg>
<arg>${addToCartButton}</arg>
<doc>Runs the given keyword with the given arguments, if ``condition`` is true.</doc>
<kw name="Click Element" library="SeleniumLibrary">
<arg>${addToCartButton}</arg>
<doc>Click the element identified by ``locator``.</doc>
<msg timestamp="20230608 13:00:21.280" level="INFO">Clicking element 'xpath:.//input[@class="button-1 add-to-cart-button"]'.</msg>
<status status="PASS" starttime="20230608 13:00:21.270" endtime="20230608 13:00:21.339"/>
</kw>
<status status="PASS" starttime="20230608 13:00:21.261" endtime="20230608 13:00:21.349"/>
</kw>
<kw name="Run Keyword If" library="BuiltIn">
<arg>${passed}</arg>
<arg>Sleep</arg>
<arg>2</arg>
<doc>Runs the given keyword with the given arguments, if ``condition`` is true.</doc>
<kw name="Sleep" library="BuiltIn">
<arg>2</arg>
<doc>Pauses the test executed for the given time.</doc>
<msg timestamp="20230608 13:00:23.376" level="INFO">Slept 2 seconds</msg>
<status status="PASS" starttime="20230608 13:00:21.367" endtime="20230608 13:00:23.376"/>
</kw>
<status status="PASS" starttime="20230608 13:00:21.357" endtime="20230608 13:00:23.386"/>
</kw>
<kw name="Run Keyword If" library="BuiltIn">
<arg>${passed}</arg>
<arg>SeleniumLibrary.Wait Until Element Is Visible</arg>
<arg>${addToCartSuccessMessage}</arg>
<doc>Runs the given keyword with the given arguments, if ``condition`` is true.</doc>
<kw name="Wait Until Element Is Visible" library="SeleniumLibrary">
<arg>${addToCartSuccessMessage}</arg>
<doc>Waits until the element ``locator`` is visible.</doc>
<status status="PASS" starttime="20230608 13:00:23.406" endtime="20230608 13:00:23.440"/>
</kw>
<status status="PASS" starttime="20230608 13:00:23.395" endtime="20230608 13:00:23.449"/>
</kw>
<kw name="Run Keyword If" library="BuiltIn">
<arg>${passed}</arg>
<arg>Scroll Element Into View</arg>
<arg>${shoppingCartQuantity}</arg>
<doc>Runs the given keyword with the given arguments, if ``condition`` is true.</doc>
<kw name="Scroll Element Into View" library="SeleniumLibrary">
<arg>${shoppingCartQuantity}</arg>
<doc>Scrolls the element identified by ``locator`` into view.</doc>
<status status="PASS" starttime="20230608 13:00:23.468" endtime="20230608 13:00:23.760"/>
</kw>
<status status="PASS" starttime="20230608 13:00:23.458" endtime="20230608 13:00:23.769"/>
</kw>
<kw name="Get Text" library="SeleniumLibrary">
<var>${quantityAfterText}</var>
<arg>${shoppingCartQuantity}</arg>
<doc>Returns the text value of the element identified by ``locator``.</doc>
<msg timestamp="20230608 13:00:23.808" level="INFO">${quantityAfterText} = (40)</msg>
<status status="PASS" starttime="20230608 13:00:23.778" endtime="20230608 13:00:23.808"/>
</kw>
<kw name="Remove String" library="String">
<var>${quantityAfterText}</var>
<arg>${quantityAfterText}</arg>
<arg>)</arg>
<doc>Removes all ``removables`` from the given ``string``.</doc>
<msg timestamp="20230608 13:00:23.826" level="INFO">${quantityAfterText} = (40</msg>
<status status="PASS" starttime="20230608 13:00:23.816" endtime="20230608 13:00:23.826"/>
</kw>
<kw name="Remove String" library="String">
<var>${quantityAfterText}</var>
<arg>${quantityAfterText}</arg>
<arg>(</arg>
<doc>Removes all ``removables`` from the given ``string``.</doc>
<msg timestamp="20230608 13:00:23.845" level="INFO">${quantityAfterText} = 40</msg>
<status status="PASS" starttime="20230608 13:00:23.835" endtime="20230608 13:00:23.845"/>
</kw>
<kw name="Convert To Integer" library="BuiltIn">
<var>${quantityAfter}</var>
<arg>${quantityAfterText}</arg>
<doc>Converts the given item to an integer number.</doc>
<msg timestamp="20230608 13:00:23.864" level="INFO">${quantityAfter} = 40</msg>
<status status="PASS" starttime="20230608 13:00:23.854" endtime="20230608 13:00:23.864"/>
</kw>
<kw name="Run Keyword If" library="BuiltIn">
<arg>${passed}</arg>
<arg>Should Be Equal As Numbers</arg>
<arg>${quantityAfter}</arg>
<arg>${expectedQuantityAfter}</arg>
<doc>Runs the given keyword with the given arguments, if ``condition`` is true.</doc>
<kw name="Should Be Equal As Numbers" library="BuiltIn">
<arg>${quantityAfter}</arg>
<arg>${expectedQuantityAfter}</arg>
<doc>Fails if objects are unequal after converting them to real numbers.</doc>
<status status="PASS" starttime="20230608 13:00:23.881" endtime="20230608 13:00:23.890"/>
</kw>
<status status="PASS" starttime="20230608 13:00:23.872" endtime="20230608 13:00:23.899"/>
</kw>
<kw name="Run Keyword If" library="BuiltIn">
<arg>${passed} == False</arg>
<arg>Should Be Equal As Numbers</arg>
<arg>${quantityAfter}</arg>
<arg>${quantityBefore}</arg>
<doc>Runs the given keyword with the given arguments, if ``condition`` is true.</doc>
<status status="PASS" starttime="20230608 13:00:23.908" endtime="20230608 13:00:23.917"/>
</kw>
<status status="PASS" starttime="20230608 13:00:19.601" endtime="20230608 13:00:23.926"/>
</kw>
<kw name="End Tests" library="variables" type="TEARDOWN">
<kw name="Close All Browsers" library="SeleniumLibrary">
<doc>Closes all open browsers and resets the browser cache.</doc>
<status status="PASS" starttime="20230608 13:00:23.944" endtime="20230608 13:00:30.259"/>
</kw>
<status status="PASS" starttime="20230608 13:00:23.936" endtime="20230608 13:00:30.276"/>
</kw>
<doc>Add Fiction from Books to Shopping Cart</doc>
<status status="PASS" starttime="20230608 13:00:13.837" endtime="20230608 13:00:30.290"/>
</test>
<test id="s1-t4" name="4.0 Add Denim Short with Rhinestones To Shopping Cart" line="40">
<kw name="Setup Environment" library="variables" type="SETUP">
<kw name="Set Global Variable" library="BuiltIn">
<arg>${browser}</arg>
<arg>${browser}</arg>
<doc>Makes a variable available globally in all tests and suites.</doc>
<msg timestamp="20230608 13:00:30.329" level="INFO">${browser} = Chrome</msg>
<status status="PASS" starttime="20230608 13:00:30.319" endtime="20230608 13:00:30.330"/>
</kw>
<kw name="Set Global Variable" library="BuiltIn">
<arg>${urlTricentisDemoWebShop}</arg>
<arg>https://demowebshop.tricentis.com/</arg>
<doc>Makes a variable available globally in all tests and suites.</doc>
<msg timestamp="20230608 13:00:30.347" level="INFO">${urlTricentisDemoWebShop} = https://demowebshop.tricentis.com/</msg>
<status status="PASS" starttime="20230608 13:00:30.338" endtime="20230608 13:00:30.347"/>
</kw>
<kw name="Set Global Variable" library="BuiltIn">
<arg>${username}</arg>
<arg>johndoe@dummyweb.com</arg>
<doc>Makes a variable available globally in all tests and suites.</doc>
<msg timestamp="20230608 13:00:30.365" level="INFO">${username} = johndoe@dummyweb.com</msg>
<status status="PASS" starttime="20230608 13:00:30.357" endtime="20230608 13:00:30.365"/>
</kw>
<kw name="Set Global Variable" library="BuiltIn">
<arg>${password}</arg>
<arg>Tosca1234!</arg>
<doc>Makes a variable available globally in all tests and suites.</doc>
<msg timestamp="20230608 13:00:30.384" level="INFO">${password} = Tosca1234!</msg>
<status status="PASS" starttime="20230608 13:00:30.374" endtime="20230608 13:00:30.384"/>
</kw>
<status status="PASS" starttime="20230608 13:00:30.310" endtime="20230608 13:00:30.393"/>
</kw>
<kw name="Given Open Browser To Login Page" library="homePage">
<kw name="Given Open Browser and Confirm with Logo" library="headerHomePage">
<kw name="Open Browser" library="SeleniumLibrary">
<arg>${urlTricentisDemoWebShop}</arg>
<arg>${browser}</arg>
<doc>Opens a new browser instance to the optional ``url``.</doc>
<msg timestamp="20230608 13:00:30.435" level="INFO">Opening browser 'Chrome' to base url 'https://demowebshop.tricentis.com/'.</msg>
<status status="PASS" starttime="20230608 13:00:30.425" endtime="20230608 13:00:33.318"/>
</kw>
<kw name="Maximize Browser Window" library="SeleniumLibrary">
<doc>Maximizes current browser window.</doc>
<status status="PASS" starttime="20230608 13:00:33.331" endtime="20230608 13:00:33.470"/>
</kw>
<kw name="Wait Until Page Contains Element" library="SeleniumLibrary">
<arg>${headerLogo}</arg>
<doc>Waits until the element ``locator`` appears on the current page.</doc>
<status status="PASS" starttime="20230608 13:00:33.485" endtime="20230608 13:00:33.518"/>
</kw>
<status status="PASS" starttime="20230608 13:00:30.414" endtime="20230608 13:00:33.528"/>
</kw>
<kw name="Then Click in the Link of Login" library="headerHomePage">
<kw name="Click Link" library="SeleniumLibrary">
<arg>${loginLink}</arg>
<doc>Clicks a link identified by ``locator``.</doc>
<msg timestamp="20230608 13:00:33.566" level="INFO">Clicking link 'class:ico-login'.</msg>
<status status="PASS" starttime="20230608 13:00:33.553" endtime="20230608 13:00:33.883"/>
</kw>
<status status="PASS" starttime="20230608 13:00:33.540" endtime="20230608 13:00:33.895"/>
</kw>
<status status="PASS" starttime="20230608 13:00:30.404" endtime="20230608 13:00:33.904"/>
</kw>
<kw name="Given Login with ${username} and ${password}" library="loginPage" sourcename="Login with ${username} and ${password}">
<kw name="Input Text" library="SeleniumLibrary">
<arg>${loginInput}</arg>
<arg>${username}</arg>
<doc>Types the given ``text`` into the text field identified by ``locator``.</doc>
<msg timestamp="20230608 13:00:33.935" level="INFO">Typing text 'johndoe@dummyweb.com' into text field 'id:Email'.</msg>
<status status="PASS" starttime="20230608 13:00:33.925" endtime="20230608 13:00:34.023"/>
</kw>
<kw name="Input Text" library="SeleniumLibrary">
<arg>${passwordInput}</arg>
<arg>${password}</arg>
<doc>Types the given ``text`` into the text field identified by ``locator``.</doc>
<msg timestamp="20230608 13:00:34.042" level="INFO">Typing text 'Tosca1234!' into text field 'id:Password'.</msg>
<status status="PASS" starttime="20230608 13:00:34.033" endtime="20230608 13:00:34.129"/>
</kw>
<kw name="Click Button" library="SeleniumLibrary">
<arg>${loginButton}</arg>
<doc>Clicks the button identified by ``locator``.</doc>
<msg timestamp="20230608 13:00:34.150" level="INFO">Clicking button 'xpath:.//input[@value="Log in"]'.</msg>
<status status="PASS" starttime="20230608 13:00:34.139" endtime="20230608 13:00:34.578"/>
</kw>
<status status="PASS" starttime="20230608 13:00:33.914" endtime="20230608 13:00:34.597"/>
</kw>
<kw name="And Welcome Page Is Displayed" library="loginPage">
<kw name="Catenate" library="BuiltIn">
<var>${checkUserLogin}</var>
<arg>SEPARATOR=</arg>
<arg>${checkUserLogin}${username}']</arg>
<doc>Catenates the given items together and returns the resulted string.</doc>
<msg timestamp="20230608 13:00:34.639" level="INFO">${checkUserLogin} = xpath:.//a[text()='johndoe@dummyweb.com']</msg>
<status status="PASS" starttime="20230608 13:00:34.624" endtime="20230608 13:00:34.639"/>
</kw>
<kw name="Wait Until Page Contains Element" library="SeleniumLibrary">
<arg>${checkUserLogin}</arg>
<doc>Waits until the element ``locator`` appears on the current page.</doc>
<status status="PASS" starttime="20230608 13:00:34.651" endtime="20230608 13:00:34.715"/>
</kw>
<kw name="Wait Until Element Is Visible" library="SeleniumLibrary">
<arg>${logoutLink}</arg>
<doc>Waits until the element ``locator`` is visible.</doc>
<status status="PASS" starttime="20230608 13:00:34.724" endtime="20230608 13:00:34.757"/>
</kw>
<status status="PASS" starttime="20230608 13:00:34.611" endtime="20230608 13:00:34.765"/>
</kw>
<kw name="When Navigate To Apparel &amp; Shoes Page" library="homePage" sourcename="Navigate To ${category} Page">
<if>
<branch type="IF" condition="&quot;${category}&quot; == &quot;Books&quot;">
<kw name="Click Link of Books" library="subheaderHomePage">
<status status="NOT RUN" starttime="20230608 13:00:34.802" endtime="20230608 13:00:34.813"/>
</kw>
<status status="NOT RUN" starttime="20230608 13:00:34.790" endtime="20230608 13:00:34.822"/>
</branch>
<branch type="ELSE IF" condition="&quot;${category}&quot; == &quot;Computers&quot;">
<kw name="Click Link of Computers" library="subheaderHomePage">
<status status="NOT RUN" starttime="20230608 13:00:34.845" endtime="20230608 13:00:34.856"/>
</kw>
<status status="NOT RUN" starttime="20230608 13:00:34.835" endtime="20230608 13:00:34.867"/>
</branch>
<branch type="ELSE IF" condition="&quot;${category}&quot; == &quot;Desktops&quot;">
<kw name="Click Link of Desktops" library="subheaderHomePage">
[...]
<doc>Catenates the given items together and returns the resulted string.</doc>
<msg timestamp="20230608 13:00:49.301" level="INFO">${checkUserLogin} = xpath:.//a[text()='johndoe@dummyweb.com']</msg>
<status status="PASS" starttime="20230608 13:00:49.289" endtime="20230608 13:00:49.301"/>
</kw>
<kw name="Wait Until Page Contains Element" library="SeleniumLibrary">
<arg>${checkUserLogin}</arg>
<doc>Waits until the element ``locator`` appears on the current page.</doc>
<status status="PASS" starttime="20230608 13:00:49.316" endtime="20230608 13:00:49.371"/>
</kw>
<kw name="Wait Until Element Is Visible" library="SeleniumLibrary">
<arg>${logoutLink}</arg>
<doc>Waits until the element ``locator`` is visible.</doc>
<status status="PASS" starttime="20230608 13:00:49.381" endtime="20230608 13:00:49.412"/>
</kw>
<status status="PASS" starttime="20230608 13:00:49.277" endtime="20230608 13:00:49.420"/>
</kw>
<kw name="When Navigate To Cell phones Page" library="homePage" sourcename="Navigate To ${category} Page">
<if>
<branch type="IF" condition="&quot;${category}&quot; == &quot;Books&quot;">
<kw name="Click Link of Books" library="subheaderHomePage">
<status status="NOT RUN" starttime="20230608 13:00:49.449" endtime="20230608 13:00:49.458"/>
</kw>
<status status="NOT RUN" starttime="20230608 13:00:49.438" endtime="20230608 13:00:49.468"/>
</branch>
<branch type="ELSE IF" condition="&quot;${category}&quot; == &quot;Computers&quot;">
<kw name="Click Link of Computers" library="subheaderHomePage">
<status status="NOT RUN" starttime="20230608 13:00:49.487" endtime="20230608 13:00:49.498"/>
</kw>
<status status="NOT RUN" starttime="20230608 13:00:49.479" endtime="20230608 13:00:49.506"/>
</branch>
<branch type="ELSE IF" condition="&quot;${category}&quot; == &quot;Desktops&quot;">
<kw name="Click Link of Desktops" library="subheaderHomePage">
<status status="NOT RUN" starttime="20230608 13:00:49.526" endtime="20230608 13:00:49.534"/>
</kw>
<status status="NOT RUN" starttime="20230608 13:00:49.516" endtime="20230608 13:00:49.543"/>
</branch>
<branch type="ELSE IF" condition="&quot;${category}&quot; == &quot;Notebooks&quot;">
<kw name="Click Link of Notebooks" library="subheaderHomePage">
<status status="NOT RUN" starttime="20230608 13:00:49.562" endtime="20230608 13:00:49.570"/>
</kw>
<status status="NOT RUN" starttime="20230608 13:00:49.551" endtime="20230608 13:00:49.581"/>
</branch>
<branch type="ELSE IF" condition="&quot;${category}&quot; == &quot;Accessories&quot;">
<kw name="Click Link of Accessories" library="subheaderHomePage">
<status status="NOT RUN" starttime="20230608 13:00:49.598" endtime="20230608 13:00:49.606"/>
</kw>
<status status="NOT RUN" starttime="20230608 13:00:49.589" endtime="20230608 13:00:49.616"/>
</branch>
<branch type="ELSE IF" condition="&quot;${category}&quot; == &quot;Electronics&quot;">
<kw name="Click Link of Electronics" library="subheaderHomePage">
<status status="NOT RUN" starttime="20230608 13:00:49.634" endtime="20230608 13:00:49.643"/>
</kw>
<status status="NOT RUN" starttime="20230608 13:00:49.625" endtime="20230608 13:00:49.651"/>
</branch>
<branch type="ELSE IF" condition="&quot;${category}&quot; == &quot;Camera, photo&quot;">
<kw name="Click Link of Camera, photo" library="subheaderHomePage">
<status status="NOT RUN" starttime="20230608 13:00:49.672" endtime="20230608 13:00:49.683"/>
</kw>
<status status="NOT RUN" starttime="20230608 13:00:49.661" endtime="20230608 13:00:49.693"/>
</branch>
<branch type="ELSE IF" condition="&quot;${category}&quot; == &quot;Cell phones&quot;">
<kw name="Click Link of Cell phones" library="subheaderHomePage">
<kw name="Click Link" library="SeleniumLibrary">
<arg>${electronicsLink}</arg>
<doc>Clicks a link identified by ``locator``.</doc>
<msg timestamp="20230608 13:00:49.730" level="INFO">Clicking link 'xpath:.//div[@class="header-menu"]/ul[@class="top-menu"]/li/a[@href="/electronics"]'.</msg>
<status status="PASS" starttime="20230608 13:00:49.721" endtime="20230608 13:00:50.490"/>
</kw>
<kw name="Click Link" library="SeleniumLibrary">
<arg>${linkCellphones}</arg>
<doc>Clicks a link identified by ``locator``.</doc>
<msg timestamp="20230608 13:00:50.512" level="INFO">Clicking link 'xpath:.//ul[@class='sublist']/li/a[@href][contains(text(),'Cell phones')]'.</msg>
<status status="PASS" starttime="20230608 13:00:50.502" endtime="20230608 13:00:51.139"/>
</kw>
<status status="PASS" starttime="20230608 13:00:49.711" endtime="20230608 13:00:51.149"/>
</kw>
<status status="PASS" starttime="20230608 13:00:49.702" endtime="20230608 13:00:51.158"/>
</branch>
<branch type="ELSE IF" condition="&quot;${category}&quot; == &quot;Apparel &amp; Shoes&quot;">
<kw name="Click Link of Apparel &amp; Shoes" library="subheaderHomePage">
<status status="NOT RUN" starttime="20230608 13:00:51.176" endtime="20230608 13:00:51.185"/>
</kw>
<status status="NOT RUN" starttime="20230608 13:00:51.167" endtime="20230608 13:00:51.194"/>
</branch>
<branch type="ELSE IF" condition="&quot;${category}&quot; == &quot;Digital downloads&quot;">
<kw name="Click Link of Digital downloads" library="subheaderHomePage">
<status status="NOT RUN" starttime="20230608 13:00:51.213" endtime="20230608 13:00:51.223"/>
</kw>
<status status="NOT RUN" starttime="20230608 13:00:51.204" endtime="20230608 13:00:51.233"/>
</branch>
<branch type="ELSE IF" condition="&quot;${category}&quot; == &quot;Jewelry&quot;">
<kw name="Click Link of Jewelry" library="subheaderHomePage">
<status status="NOT RUN" starttime="20230608 13:00:51.251" endtime="20230608 13:00:51.261"/>
</kw>
<status status="NOT RUN" starttime="20230608 13:00:51.242" endtime="20230608 13:00:51.271"/>
</branch>
<branch type="ELSE IF" condition="&quot;${category}&quot; == &quot;Gift Cards&quot;">
<kw name="Click Link of Gift Cards" library="subheaderHomePage">
<status status="NOT RUN" starttime="20230608 13:00:51.295" endtime="20230608 13:00:51.302"/>
</kw>
<status status="NOT RUN" starttime="20230608 13:00:51.284" endtime="20230608 13:00:51.310"/>
</branch>
<branch type="ELSE">
<kw name="Log" library="BuiltIn">
<arg>"No es un producto existente"</arg>
<doc>Logs the given message with the given level.</doc>
<status status="NOT RUN" starttime="20230608 13:00:51.327" endtime="20230608 13:00:51.335"/>
</kw>
<status status="NOT RUN" starttime="20230608 13:00:51.319" endtime="20230608 13:00:51.343"/>
</branch>
<status status="PASS" starttime="20230608 13:00:49.438" endtime="20230608 13:00:51.351"/>
</if>
<kw name="Catenate" library="BuiltIn">
<var>${checkproductPage}</var>
<arg>SEPARATOR=</arg>
<arg>xpath:.//h1[text()='${category}']</arg>
<doc>Catenates the given items together and returns the resulted string.</doc>
<msg timestamp="20230608 13:00:51.361" level="INFO">${checkproductPage} = xpath:.//h1[text()='Cell phones']</msg>
<status status="PASS" starttime="20230608 13:00:51.352" endtime="20230608 13:00:51.361"/>
</kw>
<kw name="Wait Until Element Is Visible" library="SeleniumLibrary">
<arg>${checkproductPage}</arg>
<doc>Waits until the element ``locator`` is visible.</doc>
<status status="PASS" starttime="20230608 13:00:51.370" endtime="20230608 13:00:51.401"/>
</kw>
<status status="PASS" starttime="20230608 13:00:49.430" endtime="20230608 13:00:51.410"/>
</kw>
<kw name="And Select 2 Smartphone And Add it To Shopping Cart" library="productPage" sourcename="Select ${quantity} ${product} And Add it To Shopping Cart">
<kw name="Page Should Contain Element" library="SeleniumLibrary">
<arg>${productsList}</arg>
<doc>Verifies that element ``locator`` is found on the current page.</doc>
<msg timestamp="20230608 13:00:51.448" level="INFO">Current page contains element 'xpath:.//h2[@class="product-title"]/a'.</msg>
<status status="PASS" starttime="20230608 13:00:51.426" endtime="20230608 13:00:51.448"/>
</kw>
<kw name="Get Element Count" library="SeleniumLibrary">
<var>${count}</var>
<arg>${productsList}</arg>
<doc>Returns the number of elements matching ``locator``.</doc>
<msg timestamp="20230608 13:00:51.477" level="INFO">${count} = 3</msg>
<status status="PASS" starttime="20230608 13:00:51.457" endtime="20230608 13:00:51.477"/>
</kw>
<kw name="Should Be True" library="BuiltIn">
<arg>${count} &gt; 0</arg>
<doc>Fails if the given condition is not true.</doc>
<status status="PASS" starttime="20230608 13:00:51.486" endtime="20230608 13:00:51.496"/>
</kw>
<kw name="Catenate" library="BuiltIn">
<var>${productLink}</var>
<arg>SEPARATOR=</arg>
<arg>xpath://h2[@class='product-title']/a[text()='${product}']</arg>
<doc>Catenates the given items together and returns the resulted string.</doc>
<msg timestamp="20230608 13:00:51.514" level="INFO">${productLink} = xpath://h2[@class='product-title']/a[text()='Smartphone']</msg>
<status status="PASS" starttime="20230608 13:00:51.505" endtime="20230608 13:00:51.514"/>
</kw>
<kw name="Click Element" library="SeleniumLibrary">
<arg>${productLink}</arg>
<doc>Click the element identified by ``locator``.</doc>
<msg timestamp="20230608 13:00:51.532" level="INFO">Clicking element 'xpath://h2[@class='product-title']/a[text()='Smartphone']'.</msg>
<status status="PASS" starttime="20230608 13:00:51.522" endtime="20230608 13:00:52.721"/>
</kw>
<kw name="Catenate" library="BuiltIn">
<var>${productDetailsCell}</var>
<arg>SEPARATOR=</arg>
<arg>xpath:.//h1[contains(text(),'${product}')]</arg>
<doc>Catenates the given items together and returns the resulted string.</doc>
<msg timestamp="20230608 13:00:52.741" level="INFO">${productDetailsCell} = xpath:.//h1[contains(text(),'Smartphone')]</msg>
<status status="PASS" starttime="20230608 13:00:52.732" endtime="20230608 13:00:52.741"/>
</kw>
<kw name="Wait Until Element Is Visible" library="SeleniumLibrary">
<arg>${productDetailsCell}</arg>
<doc>Waits until the element ``locator`` is visible.</doc>
<status status="PASS" starttime="20230608 13:00:52.750" endtime="20230608 13:00:52.784"/>
</kw>
<kw name="Get Text" library="SeleniumLibrary">
<var>${quantityBeforeText}</var>
<arg>${shoppingCartQuantity}</arg>
<doc>Returns the text value of the element identified by ``locator``.</doc>
<msg timestamp="20230608 13:00:52.829" level="INFO">${quantityBeforeText} = (40)</msg>
<status status="PASS" starttime="20230608 13:00:52.793" endtime="20230608 13:00:52.829"/>
</kw>
<kw name="Remove String" library="String">
<var>${quantityBeforeText}</var>
<arg>${quantityBeforeText}</arg>
<arg>(</arg>
<doc>Removes all ``removables`` from the given ``string``.</doc>
<msg timestamp="20230608 13:00:52.845" level="INFO">${quantityBeforeText} = 40)</msg>
<status status="PASS" starttime="20230608 13:00:52.837" endtime="20230608 13:00:52.845"/>
</kw>
<kw name="Remove String" library="String">
<var>${quantityBeforeText}</var>
<arg>${quantityBeforeText}</arg>
<arg>)</arg>
<doc>Removes all ``removables`` from the given ``string``.</doc>
<msg timestamp="20230608 13:00:52.863" level="INFO">${quantityBeforeText} = 40</msg>
<status status="PASS" starttime="20230608 13:00:52.854" endtime="20230608 13:00:52.863"/>
</kw>
<kw name="Convert To Integer" library="BuiltIn">
<var>${quantityBefore}</var>
<arg>${quantityBeforeText}</arg>
<doc>Converts the given item to an integer number.</doc>
<msg timestamp="20230608 13:00:52.881" level="INFO">${quantityBefore} = 40</msg>
<status status="PASS" starttime="20230608 13:00:52.872" endtime="20230608 13:00:52.881"/>
</kw>
<kw name="Convert To Integer" library="BuiltIn">
<var>${quantity}</var>
<arg>${quantity}</arg>
<doc>Converts the given item to an integer number.</doc>
<msg timestamp="20230608 13:00:52.924" level="INFO">${quantity} = 2</msg>
<status status="PASS" starttime="20230608 13:00:52.890" endtime="20230608 13:00:52.924"/>
</kw>
<kw name="Evaluate" library="BuiltIn">
<var>${expectedQuantityAfter}</var>
<arg>${quantityBefore} + ${quantity}</arg>
<doc>Evaluates the given expression in Python and returns the result.</doc>
<msg timestamp="20230608 13:00:52.942" level="INFO">${expectedQuantityAfter} = 42</msg>
<status status="PASS" starttime="20230608 13:00:52.933" endtime="20230608 13:00:52.942"/>
</kw>
<kw name="Run Keyword And Return Status" library="BuiltIn">
<var>${passed}</var>
<arg>Element Should Be Visible</arg>
<arg>${addToCartButton}</arg>
<doc>Runs the given keyword with given arguments and returns the status as a Boolean value.</doc>
<kw name="Element Should Be Visible" library="SeleniumLibrary">
<arg>${addToCartButton}</arg>
<doc>Verifies that the element identified by ``locator`` is visible.</doc>
<msg timestamp="20230608 13:00:52.988" level="INFO">Element 'xpath:.//input[@class="button-1 add-to-cart-button"]' is displayed.</msg>
<status status="PASS" starttime="20230608 13:00:52.959" endtime="20230608 13:00:52.988"/>
</kw>
<msg timestamp="20230608 13:00:52.996" level="INFO">${passed} = True</msg>
<status status="PASS" starttime="20230608 13:00:52.950" endtime="20230608 13:00:52.996"/>
</kw>
<kw name="Run Keyword If" library="BuiltIn">
<arg>${passed}</arg>
<arg>Clear Element Text</arg>
<arg>${productQuantityInput}</arg>
<doc>Runs the given keyword with the given arguments, if ``condition`` is true.</doc>
<kw name="Clear Element Text" library="SeleniumLibrary">
<arg>${productQuantityInput}</arg>
<doc>Clears the value of the text-input-element identified by ``locator``.</doc>
<status status="PASS" starttime="20230608 13:00:53.013" endtime="20230608 13:00:53.058"/>
</kw>
<status status="PASS" starttime="20230608 13:00:53.005" endtime="20230608 13:00:53.067"/>
</kw>
<kw name="Run Keyword If" library="BuiltIn">
<arg>${passed}</arg>
<arg>Input Text</arg>
<arg>${productQuantityInput}</arg>
<arg>${quantity}</arg>
<doc>Runs the given keyword with the given arguments, if ``condition`` is true.</doc>
<kw name="Input Text" library="SeleniumLibrary">
<arg>${productQuantityInput}</arg>
<arg>${quantity}</arg>
<doc>Types the given ``text`` into the text field identified by ``locator``.</doc>
<msg timestamp="20230608 13:00:53.092" level="INFO">Typing text '2' into text field 'xpath:.//input[@class="qty-input"]'.</msg>
<status status="PASS" starttime="20230608 13:00:53.083" endtime="20230608 13:00:53.162"/>
</kw>
<status status="PASS" starttime="20230608 13:00:53.075" endtime="20230608 13:00:53.169"/>
</kw>
<kw name="Run Keyword If" library="BuiltIn">
<arg>${passed}</arg>
<arg>Click Element</arg>
<arg>${addToCartButton}</arg>
<doc>Runs the given keyword with the given arguments, if ``condition`` is true.</doc>
<kw name="Click Element" library="SeleniumLibrary">
<arg>${addToCartButton}</arg>
<doc>Click the element identified by ``locator``.</doc>
<msg timestamp="20230608 13:00:53.194" level="INFO">Clicking element 'xpath:.//input[@class="button-1 add-to-cart-button"]'.</msg>
<status status="PASS" starttime="20230608 13:00:53.185" endtime="20230608 13:00:53.253"/>
</kw>
<status status="PASS" starttime="20230608 13:00:53.177" endtime="20230608 13:00:53.263"/>
</kw>
<kw name="Run Keyword If" library="BuiltIn">
<arg>${passed}</arg>
<arg>Sleep</arg>
<arg>2</arg>
<doc>Runs the given keyword with the given arguments, if ``condition`` is true.</doc>
<kw name="Sleep" library="BuiltIn">
<arg>2</arg>
<doc>Pauses the test executed for the given time.</doc>
<msg timestamp="20230608 13:00:55.289" level="INFO">Slept 2 seconds</msg>
<status status="PASS" starttime="20230608 13:00:53.280" endtime="20230608 13:00:55.289"/>
</kw>
<status status="PASS" starttime="20230608 13:00:53.271" endtime="20230608 13:00:55.297"/>
</kw>
<kw name="Run Keyword If" library="BuiltIn">
<arg>${passed}</arg>
<arg>SeleniumLibrary.Wait Until Element Is Visible</arg>
<arg>${addToCartSuccessMessage}</arg>
<doc>Runs the given keyword with the given arguments, if ``condition`` is true.</doc>
<kw name="Wait Until Element Is Visible" library="SeleniumLibrary">
<arg>${addToCartSuccessMessage}</arg>
<doc>Waits until the element ``locator`` is visible.</doc>
<status status="PASS" starttime="20230608 13:00:55.315" endtime="20230608 13:00:55.349"/>
</kw>
<status status="PASS" starttime="20230608 13:00:55.306" endtime="20230608 13:00:55.357"/>
</kw>
<kw name="Run Keyword If" library="BuiltIn">
<arg>${passed}</arg>
<arg>Scroll Element Into View</arg>
<arg>${shoppingCartQuantity}</arg>
<doc>Runs the given keyword with the given arguments, if ``condition`` is true.</doc>
<kw name="Scroll Element Into View" library="SeleniumLibrary">
<arg>${shoppingCartQuantity}</arg>
<doc>Scrolls the element identified by ``locator`` into view.</doc>
<status status="PASS" starttime="20230608 13:00:55.374" endtime="20230608 13:00:55.660"/>
</kw>
<status status="PASS" starttime="20230608 13:00:55.366" endtime="20230608 13:00:55.669"/>
</kw>
<kw name="Get Text" library="SeleniumLibrary">
<var>${quantityAfterText}</var>
<arg>${shoppingCartQuantity}</arg>
<doc>Returns the text value of the element identified by ``locator``.</doc>
<msg timestamp="20230608 13:00:55.704" level="INFO">${quantityAfterText} = (42)</msg>
<status status="PASS" starttime="20230608 13:00:55.677" endtime="20230608 13:00:55.704"/>
</kw>
<kw name="Remove String" library="String">
<var>${quantityAfterText}</var>
<arg>${quantityAfterText}</arg>
<arg>)</arg>
<doc>Removes all ``removables`` from the given ``string``.</doc>
<msg timestamp="20230608 13:00:55.722" level="INFO">${quantityAfterText} = (42</msg>
<status status="PASS" starttime="20230608 13:00:55.713" endtime="20230608 13:00:55.722"/>
</kw>
<kw name="Remove String" library="String">
<var>${quantityAfterText}</var>
<arg>${quantityAfterText}</arg>
<arg>(</arg>
<doc>Removes all ``removables`` from the given ``string``.</doc>
<msg timestamp="20230608 13:00:55.740" level="INFO">${quantityAfterText} = 42</msg>
<status status="PASS" starttime="20230608 13:00:55.731" endtime="20230608 13:00:55.740"/>
</kw>
<kw name="Convert To Integer" library="BuiltIn">
<var>${quantityAfter}</var>
<arg>${quantityAfterText}</arg>
<doc>Converts the given item to an integer number.</doc>
<msg timestamp="20230608 13:00:55.757" level="INFO">${quantityAfter} = 42</msg>
<status status="PASS" starttime="20230608 13:00:55.749" endtime="20230608 13:00:55.757"/>
</kw>
<kw name="Run Keyword If" library="BuiltIn">
<arg>${passed}</arg>
<arg>Should Be Equal As Numbers</arg>
<arg>${quantityAfter}</arg>
<arg>${expectedQuantityAfter}</arg>
<doc>Runs the given keyword with the given arguments, if ``condition`` is true.</doc>
<kw name="Should Be Equal As Numbers" library="BuiltIn">
<arg>${quantityAfter}</arg>
<arg>${expectedQuantityAfter}</arg>
<doc>Fails if objects are unequal after converting them to real numbers.</doc>
<status status="PASS" starttime="20230608 13:00:55.775" endtime="20230608 13:00:55.784"/>
</kw>
<status status="PASS" starttime="20230608 13:00:55.767" endtime="20230608 13:00:55.792"/>
</kw>
<kw name="Run Keyword If" library="BuiltIn">
<arg>${passed} == False</arg>
<arg>Should Be Equal As Numbers</arg>
<arg>${quantityAfter}</arg>
<arg>${quantityBefore}</arg>
<doc>Runs the given keyword with the given arguments, if ``condition`` is true.</doc>
<status status="PASS" starttime="20230608 13:00:55.802" endtime="20230608 13:00:55.810"/>
</kw>
<status status="PASS" starttime="20230608 13:00:51.418" endtime="20230608 13:00:55.819"/>
</kw>
<kw name="End Tests" library="variables" type="TEARDOWN">
<kw name="Close All Browsers" library="SeleniumLibrary">
<doc>Closes all open browsers and resets the browser cache.</doc>
<status status="PASS" starttime="20230608 13:00:55.835" endtime="20230608 13:01:02.196"/>
</kw>
<status status="PASS" starttime="20230608 13:00:55.827" endtime="20230608 13:01:02.219"/>
</kw>
<doc>Add Fiction from Books to Shopping Cart</doc>
<status status="PASS" starttime="20230608 13:00:44.854" endtime="20230608 13:01:02.231"/>
</test>
<status status="PASS" starttime="20230608 12:59:40.297" endtime="20230608 13:01:02.242"/>
</suite>
<statistics>
<total>
<stat pass="5" fail="0" skip="0">All Tests</stat>
</total>
<tag>
</tag>
<suite>
<stat pass="5" fail="0" skip="0" id="s1" name="addProductTest">addProductTest</stat>
</suite>
</statistics>
<errors>
</errors>
</robot>
